#
# There is insufficient memory for the Java Runtime Environment to continue.
# Native memory allocation (malloc) failed to allocate 32744 bytes for ChunkPool::allocate
# Possible reasons:
#   The system is out of physical RAM or swap space
#   The process is running with CompressedOops enabled, and the Java Heap may be blocking the growth of the native heap
# Possible solutions:
#   Reduce memory load on the system
#   Increase physical memory or swap space
#   Check if swap backing store is full
#   Decrease Java heap size (-Xmx/-Xms)
#   Decrease number of Java threads
#   Decrease Java thread stack sizes (-Xss)
#   Set larger code cache with -XX:ReservedCodeCacheSize=
#   JVM is running with Unscaled Compressed Oops mode in which the Java heap is
#     placed in the first 4GB address space. The Java Heap base address is the
#     maximum limit for the native heap growth. Please use -XX:HeapBaseMinAddress
#     to set the Java Heap base and to place the Java Heap above 4GB virtual address.
# This output file may be truncated or incomplete.
#
#  Out of Memory Error (./open/src/hotspot/share/memory/arena.cpp:79), pid=13776, tid=15432
#
# JRE version: Java(TM) SE Runtime Environment (15.0.2+7) (build 15.0.2+7-27)
# Java VM: Java HotSpot(TM) 64-Bit Server VM (15.0.2+7-27, mixed mode, sharing, tiered, compressed oops, g1 gc, windows-amd64)
# No core dump will be written. Minidumps are not enabled by default on client versions of Windows
#

---------------  S U M M A R Y ------------

Command Line: -Dfile.encoding=Cp1252 -XX:+ShowCodeDetailsInExceptionMessages hust.soict.globalict.aims.screen.StoreScreen

Host: Intel(R) Core(TM) i5-4300U CPU @ 1.90GHz, 4 cores, 7G,  Windows 10 , 64 bit Build 19041 (10.0.19041.928)
Time: Mon May 17 15:47:19 2021 SE Asia Standard Time elapsed time: 2.591038 seconds (0d 0h 0m 2s)

---------------  T H R E A D  ---------------

Current thread (0x00000242f8e79fd0):  JavaThread "C2 CompilerThread0" daemon [_thread_in_native, id=15432, stack(0x000000fda4c00000,0x000000fda4d00000)]


Current CompileTask:
C2:   2591 1400   !   4       com.sun.javafx.css.ParsedValueImpl::readBinary (688 bytes)

Stack: [0x000000fda4c00000,0x000000fda4d00000]
Native frames: (J=compiled Java code, j=interpreted, Vv=VM code, C=native code)
V  [jvm.dll+0x62ae9a]
V  [jvm.dll+0x7817a9]
V  [jvm.dll+0x782f03]
V  [jvm.dll+0x783563]
V  [jvm.dll+0x216325]
V  [jvm.dll+0x982cf]
V  [jvm.dll+0x980ad]
V  [jvm.dll+0x609d14]
V  [jvm.dll+0x6552ca]
V  [jvm.dll+0x18e47d]
V  [jvm.dll+0x1ea822]
V  [jvm.dll+0x1e996e]
V  [jvm.dll+0x178567]
V  [jvm.dll+0x1f9225]
V  [jvm.dll+0x1f72cc]
V  [jvm.dll+0x74495d]
V  [jvm.dll+0x73d75a]
V  [jvm.dll+0x629c56]
C  [ucrtbase.dll+0x21bb2]
C  [KERNEL32.DLL+0x17034]
C  [ntdll.dll+0x52651]


---------------  P R O C E S S  ---------------

Threads class SMR info:
_java_thread_list=0x000002428f30efc0, length=23, elements={
0x00000242f8e59320, 0x00000242f8e5a690, 0x00000242f8e72bb0, 0x00000242f8e77680,
0x00000242f8e78130, 0x00000242f8e79fd0, 0x00000242f8ede980, 0x00000242f9802f90,
0x00000242f98c1500, 0x00000242f98caa50, 0x00000242f9bb9b20, 0x00000242f9bb9ff0,
0x00000242f9d3e100, 0x00000242f996a5d0, 0x00000242fa0c1f70, 0x00000242f9ee0ee0,
0x00000242fa2dd060, 0x00000242fa2dc1f0, 0x00000242fa2dd530, 0x000002428f014af0,
0x00000242fa2dded0, 0x00000242fa2df210, 0x00000242fa2df6e0
}

Java Threads: ( => current thread )
  0x00000242f8e59320 JavaThread "Reference Handler" daemon [_thread_blocked, id=16848, stack(0x000000fda4700000,0x000000fda4800000)]
  0x00000242f8e5a690 JavaThread "Finalizer" daemon [_thread_blocked, id=8176, stack(0x000000fda4800000,0x000000fda4900000)]
  0x00000242f8e72bb0 JavaThread "Signal Dispatcher" daemon [_thread_blocked, id=13648, stack(0x000000fda4900000,0x000000fda4a00000)]
  0x00000242f8e77680 JavaThread "Attach Listener" daemon [_thread_blocked, id=9364, stack(0x000000fda4a00000,0x000000fda4b00000)]
  0x00000242f8e78130 JavaThread "Service Thread" daemon [_thread_blocked, id=10864, stack(0x000000fda4b00000,0x000000fda4c00000)]
=>0x00000242f8e79fd0 JavaThread "C2 CompilerThread0" daemon [_thread_in_native, id=15432, stack(0x000000fda4c00000,0x000000fda4d00000)]
  0x00000242f8ede980 JavaThread "C1 CompilerThread0" daemon [_thread_blocked, id=14276, stack(0x000000fda4d00000,0x000000fda4e00000)]
  0x00000242f9802f90 JavaThread "Sweeper thread" daemon [_thread_blocked, id=6652, stack(0x000000fda4e00000,0x000000fda4f00000)]
  0x00000242f98c1500 JavaThread "Notification Thread" daemon [_thread_blocked, id=8956, stack(0x000000fda4f00000,0x000000fda5000000)]
  0x00000242f98caa50 JavaThread "Common-Cleaner" daemon [_thread_blocked, id=10068, stack(0x000000fda5100000,0x000000fda5200000)]
  0x00000242f9bb9b20 JavaThread "Java2D Disposer" daemon [_thread_blocked, id=14328, stack(0x000000fda5200000,0x000000fda5300000)]
  0x00000242f9bb9ff0 JavaThread "AWT-Shutdown" [_thread_blocked, id=10604, stack(0x000000fda5300000,0x000000fda5400000)]
  0x00000242f9d3e100 JavaThread "AWT-Windows" daemon [_thread_in_native, id=8780, stack(0x000000fda5400000,0x000000fda5500000)]
  0x00000242f996a5d0 JavaThread "QuantumRenderer-0" daemon [_thread_blocked, id=17424, stack(0x000000fda5500000,0x000000fda5600000)]
  0x00000242fa0c1f70 JavaThread "InvokeLaterDispatcher" daemon [_thread_blocked, id=17428, stack(0x000000fda5600000,0x000000fda5700000)]
  0x00000242f9ee0ee0 JavaThread "JavaFX Application Thread" [_thread_in_vm, id=17432, stack(0x000000fda5700000,0x000000fda5800000)]
  0x00000242fa2dd060 JavaThread "Thread-1" daemon [_thread_in_native, id=17448, stack(0x000000fda5b00000,0x000000fda5c00000)]
  0x00000242fa2dc1f0 JavaThread "AWT-EventQueue-0" [_thread_blocked, id=17472, stack(0x000000fda6100000,0x000000fda6200000)]
  0x00000242fa2dd530 JavaThread "DestroyJavaVM" [_thread_blocked, id=1676, stack(0x000000fda4000000,0x000000fda4100000)]
  0x000002428f014af0 JavaThread "C2 CompilerThread1" daemon [_thread_in_native, id=17488, stack(0x000000fda6200000,0x000000fda6300000)]
  0x00000242fa2dded0 JavaThread "Prism Font Disposer" daemon [_thread_blocked, id=17500, stack(0x000000fda6300000,0x000000fda6400000)]
  0x00000242fa2df210 JavaThread "Image Fetcher 0" daemon [_thread_blocked, id=17564, stack(0x000000fda6400000,0x000000fda6500000)]
  0x00000242fa2df6e0 JavaThread "Image Fetcher 1" daemon [_thread_blocked, id=17568, stack(0x000000fda6500000,0x000000fda6600000)]

Other Threads:
  0x00000242f8e552f0 VMThread "VM Thread" [stack: 0x000000fda4600000,0x000000fda4700000] [id=16536]
  0x00000242f98c19d0 WatcherThread [stack: 0x000000fda5000000,0x000000fda5100000] [id=12732]
  0x00000242e9c8d610 GCTaskThread "GC Thread#0" [stack: 0x000000fda4100000,0x000000fda4200000] [id=5824]
  0x00000242f9bbe9b0 GCTaskThread "GC Thread#1" [stack: 0x000000fda5c00000,0x000000fda5d00000] [id=17452]
  0x00000242f9bc0000 GCTaskThread "GC Thread#2" [stack: 0x000000fda5d00000,0x000000fda5e00000] [id=17456]
  0x00000242f9bbf010 GCTaskThread "GC Thread#3" [stack: 0x000000fda5e00000,0x000000fda5f00000] [id=17460]
  0x00000242e9c9f530 ConcurrentGCThread "G1 Main Marker" [stack: 0x000000fda4200000,0x000000fda4300000] [id=17024]
  0x00000242e9ca1130 ConcurrentGCThread "G1 Conc#0" [stack: 0x000000fda4300000,0x000000fda4400000] [id=16168]
  0x00000242e9d17e30 ConcurrentGCThread "G1 Refine#0" [stack: 0x000000fda4400000,0x000000fda4500000] [id=8244]
  0x00000242fa304ee0 ConcurrentGCThread "G1 Refine#1" [stack: 0x000000fda5f00000,0x000000fda6000000] [id=17464]
  0x00000242f9983a20 ConcurrentGCThread "G1 Refine#2" [stack: 0x000000fda6000000,0x000000fda6100000] [id=17468]
  0x00000242e9d18a30 ConcurrentGCThread "G1 Young RemSet Sampling" [stack: 0x000000fda4500000,0x000000fda4600000] [id=13656]

Threads with active compile tasks:
C2 CompilerThread0     2645 1400   !   4       com.sun.javafx.css.ParsedValueImpl::readBinary (688 bytes)
C2 CompilerThread1     2645 1738   !   4       java.net.URL::<init> (543 bytes)

VM state: not at safepoint (normal execution)

VM Mutex/Monitor currently owned by a thread: None

Heap address: 0x0000000081e00000, size: 2018 MB, Compressed Oops mode: 32-bit
CDS archive(s) mapped at: [0x0000000800000000-0x0000000800b50000-0x0000000800b50000), size 11862016, SharedBaseAddress: 0x0000000800000000, ArchiveRelocationMode: 0.
Compressed class space mapped at: 0x0000000800b50000-0x0000000840b50000, size: 1073741824
Narrow klass base: 0x0000000800000000, Narrow klass shift: 3, Narrow klass range: 0x100000000

GC Precious Log:
 CPUs: 4 total, 4 available
 Memory: 8071M
 Large Page Support: Disabled
 NUMA Support: Disabled
 Compressed Oops: Enabled (32-bit)
 Heap Region Size: 1M
 Heap Min Capacity: 8M
 Heap Initial Capacity: 128M
 Heap Max Capacity: 2018M
 Pre-touch: Disabled
 Parallel Workers: 4
 Concurrent Workers: 1
 Concurrent Refinement Workers: 4
 Periodic GC: Disabled

Heap:
 garbage-first heap   total 131072K, used 24287K [0x0000000081e00000, 0x0000000100000000)
  region size 1024K, 18 young (18432K), 2 survivors (2048K)
 Metaspace       used 18936K, capacity 19095K, committed 19328K, reserved 1067008K
  class space    used 2502K, capacity 2573K, committed 2688K, reserved 1048576K

Heap Regions: E=young(eden), S=young(survivor), O=old, HS=humongous(starts), HC=humongous(continues), CS=collection set, F=free, OA=open archive, CA=closed archive, TAMS=top-at-mark-start (previous, next)
|   0|0x0000000081e00000, 0x0000000081f00000, 0x0000000081f00000|100%| O|  |TAMS 0x0000000081e00000, 0x0000000081e00000| Untracked 
|   1|0x0000000081f00000, 0x0000000082000000, 0x0000000082000000|100%| O|  |TAMS 0x0000000081f00000, 0x0000000081f00000| Untracked 
|   2|0x0000000082000000, 0x0000000082100000, 0x0000000082100000|100%|HS|  |TAMS 0x0000000082000000, 0x0000000082000000| Complete 
|   3|0x0000000082100000, 0x0000000082200000, 0x0000000082200000|100%|HC|  |TAMS 0x0000000082100000, 0x0000000082100000| Complete 
|   4|0x0000000082200000, 0x0000000082300000, 0x0000000082300000|100%|HC|  |TAMS 0x0000000082200000, 0x0000000082200000| Complete 
|   5|0x0000000082300000, 0x0000000082400000, 0x0000000082400000|100%| O|  |TAMS 0x0000000082300000, 0x0000000082300000| Untracked 
|   6|0x0000000082400000, 0x0000000082500000, 0x0000000082500000|100%| O|  |TAMS 0x0000000082400000, 0x0000000082400000| Untracked 
|   7|0x0000000082500000, 0x0000000082500000, 0x0000000082600000|  0%| F|  |TAMS 0x0000000082500000, 0x0000000082500000| Untracked 
|   8|0x0000000082600000, 0x0000000082600000, 0x0000000082700000|  0%| F|  |TAMS 0x0000000082600000, 0x0000000082600000| Untracked 
|   9|0x0000000082700000, 0x0000000082700000, 0x0000000082800000|  0%| F|  |TAMS 0x0000000082700000, 0x0000000082700000| Untracked 
|  10|0x0000000082800000, 0x0000000082800000, 0x0000000082900000|  0%| F|  |TAMS 0x0000000082800000, 0x0000000082800000| Untracked 
|  11|0x0000000082900000, 0x0000000082900000, 0x0000000082a00000|  0%| F|  |TAMS 0x0000000082900000, 0x0000000082900000| Untracked 
|  12|0x0000000082a00000, 0x0000000082a00000, 0x0000000082b00000|  0%| F|  |TAMS 0x0000000082a00000, 0x0000000082a00000| Untracked 
|  13|0x0000000082b00000, 0x0000000082b00000, 0x0000000082c00000|  0%| F|  |TAMS 0x0000000082b00000, 0x0000000082b00000| Untracked 
|  14|0x0000000082c00000, 0x0000000082c00000, 0x0000000082d00000|  0%| F|  |TAMS 0x0000000082c00000, 0x0000000082c00000| Untracked 
|  15|0x0000000082d00000, 0x0000000082d00000, 0x0000000082e00000|  0%| F|  |TAMS 0x0000000082d00000, 0x0000000082d00000| Untracked 
|  16|0x0000000082e00000, 0x0000000082e00000, 0x0000000082f00000|  0%| F|  |TAMS 0x0000000082e00000, 0x0000000082e00000| Untracked 
|  17|0x0000000082f00000, 0x0000000082f00000, 0x0000000083000000|  0%| F|  |TAMS 0x0000000082f00000, 0x0000000082f00000| Untracked 
|  18|0x0000000083000000, 0x0000000083000000, 0x0000000083100000|  0%| F|  |TAMS 0x0000000083000000, 0x0000000083000000| Untracked 
|  19|0x0000000083100000, 0x0000000083100000, 0x0000000083200000|  0%| F|  |TAMS 0x0000000083100000, 0x0000000083100000| Untracked 
|  20|0x0000000083200000, 0x0000000083200000, 0x0000000083300000|  0%| F|  |TAMS 0x0000000083200000, 0x0000000083200000| Untracked 
|  21|0x0000000083300000, 0x0000000083300000, 0x0000000083400000|  0%| F|  |TAMS 0x0000000083300000, 0x0000000083300000| Untracked 
|  22|0x0000000083400000, 0x0000000083400000, 0x0000000083500000|  0%| F|  |TAMS 0x0000000083400000, 0x0000000083400000| Untracked 
|  23|0x0000000083500000, 0x0000000083500000, 0x0000000083600000|  0%| F|  |TAMS 0x0000000083500000, 0x0000000083500000| Untracked 
|  24|0x0000000083600000, 0x0000000083600000, 0x0000000083700000|  0%| F|  |TAMS 0x0000000083600000, 0x0000000083600000| Untracked 
|  25|0x0000000083700000, 0x0000000083700000, 0x0000000083800000|  0%| F|  |TAMS 0x0000000083700000, 0x0000000083700000| Untracked 
|  26|0x0000000083800000, 0x0000000083800000, 0x0000000083900000|  0%| F|  |TAMS 0x0000000083800000, 0x0000000083800000| Untracked 
|  27|0x0000000083900000, 0x0000000083900000, 0x0000000083a00000|  0%| F|  |TAMS 0x0000000083900000, 0x0000000083900000| Untracked 
|  28|0x0000000083a00000, 0x0000000083a00000, 0x0000000083b00000|  0%| F|  |TAMS 0x0000000083a00000, 0x0000000083a00000| Untracked 
|  29|0x0000000083b00000, 0x0000000083b00000, 0x0000000083c00000|  0%| F|  |TAMS 0x0000000083b00000, 0x0000000083b00000| Untracked 
|  30|0x0000000083c00000, 0x0000000083c00000, 0x0000000083d00000|  0%| F|  |TAMS 0x0000000083c00000, 0x0000000083c00000| Untracked 
|  31|0x0000000083d00000, 0x0000000083d00000, 0x0000000083e00000|  0%| F|  |TAMS 0x0000000083d00000, 0x0000000083d00000| Untracked 
|  32|0x0000000083e00000, 0x0000000083e00000, 0x0000000083f00000|  0%| F|  |TAMS 0x0000000083e00000, 0x0000000083e00000| Untracked 
|  33|0x0000000083f00000, 0x0000000083f00000, 0x0000000084000000|  0%| F|  |TAMS 0x0000000083f00000, 0x0000000083f00000| Untracked 
|  34|0x0000000084000000, 0x0000000084000000, 0x0000000084100000|  0%| F|  |TAMS 0x0000000084000000, 0x0000000084000000| Untracked 
|  35|0x0000000084100000, 0x0000000084100000, 0x0000000084200000|  0%| F|  |TAMS 0x0000000084100000, 0x0000000084100000| Untracked 
|  36|0x0000000084200000, 0x0000000084200000, 0x0000000084300000|  0%| F|  |TAMS 0x0000000084200000, 0x0000000084200000| Untracked 
|  37|0x0000000084300000, 0x0000000084300000, 0x0000000084400000|  0%| F|  |TAMS 0x0000000084300000, 0x0000000084300000| Untracked 
|  38|0x0000000084400000, 0x0000000084400000, 0x0000000084500000|  0%| F|  |TAMS 0x0000000084400000, 0x0000000084400000| Untracked 
|  39|0x0000000084500000, 0x0000000084500000, 0x0000000084600000|  0%| F|  |TAMS 0x0000000084500000, 0x0000000084500000| Untracked 
|  40|0x0000000084600000, 0x0000000084600000, 0x0000000084700000|  0%| F|  |TAMS 0x0000000084600000, 0x0000000084600000| Untracked 
|  41|0x0000000084700000, 0x0000000084700000, 0x0000000084800000|  0%| F|  |TAMS 0x0000000084700000, 0x0000000084700000| Untracked 
|  42|0x0000000084800000, 0x0000000084800000, 0x0000000084900000|  0%| F|  |TAMS 0x0000000084800000, 0x0000000084800000| Untracked 
|  43|0x0000000084900000, 0x0000000084900000, 0x0000000084a00000|  0%| F|  |TAMS 0x0000000084900000, 0x0000000084900000| Untracked 
|  44|0x0000000084a00000, 0x0000000084a00000, 0x0000000084b00000|  0%| F|  |TAMS 0x0000000084a00000, 0x0000000084a00000| Untracked 
|  45|0x0000000084b00000, 0x0000000084b00000, 0x0000000084c00000|  0%| F|  |TAMS 0x0000000084b00000, 0x0000000084b00000| Untracked 
|  46|0x0000000084c00000, 0x0000000084c00000, 0x0000000084d00000|  0%| F|  |TAMS 0x0000000084c00000, 0x0000000084c00000| Untracked 
|  47|0x0000000084d00000, 0x0000000084d00000, 0x0000000084e00000|  0%| F|  |TAMS 0x0000000084d00000, 0x0000000084d00000| Untracked 
|  48|0x0000000084e00000, 0x0000000084e00000, 0x0000000084f00000|  0%| F|  |TAMS 0x0000000084e00000, 0x0000000084e00000| Untracked 
|  49|0x0000000084f00000, 0x0000000084f00000, 0x0000000085000000|  0%| F|  |TAMS 0x0000000084f00000, 0x0000000084f00000| Untracked 
|  50|0x0000000085000000, 0x0000000085000000, 0x0000000085100000|  0%| F|  |TAMS 0x0000000085000000, 0x0000000085000000| Untracked 
|  51|0x0000000085100000, 0x0000000085100000, 0x0000000085200000|  0%| F|  |TAMS 0x0000000085100000, 0x0000000085100000| Untracked 
|  52|0x0000000085200000, 0x0000000085200000, 0x0000000085300000|  0%| F|  |TAMS 0x0000000085200000, 0x0000000085200000| Untracked 
|  53|0x0000000085300000, 0x0000000085300000, 0x0000000085400000|  0%| F|  |TAMS 0x0000000085300000, 0x0000000085300000| Untracked 
|  54|0x0000000085400000, 0x0000000085400000, 0x0000000085500000|  0%| F|  |TAMS 0x0000000085400000, 0x0000000085400000| Untracked 
|  55|0x0000000085500000, 0x0000000085500000, 0x0000000085600000|  0%| F|  |TAMS 0x0000000085500000, 0x0000000085500000| Untracked 
|  56|0x0000000085600000, 0x0000000085600000, 0x0000000085700000|  0%| F|  |TAMS 0x0000000085600000, 0x0000000085600000| Untracked 
|  57|0x0000000085700000, 0x0000000085700000, 0x0000000085800000|  0%| F|  |TAMS 0x0000000085700000, 0x0000000085700000| Untracked 
|  58|0x0000000085800000, 0x0000000085800000, 0x0000000085900000|  0%| F|  |TAMS 0x0000000085800000, 0x0000000085800000| Untracked 
|  59|0x0000000085900000, 0x0000000085900000, 0x0000000085a00000|  0%| F|  |TAMS 0x0000000085900000, 0x0000000085900000| Untracked 
|  60|0x0000000085a00000, 0x0000000085a00000, 0x0000000085b00000|  0%| F|  |TAMS 0x0000000085a00000, 0x0000000085a00000| Untracked 
|  61|0x0000000085b00000, 0x0000000085b00000, 0x0000000085c00000|  0%| F|  |TAMS 0x0000000085b00000, 0x0000000085b00000| Untracked 
|  62|0x0000000085c00000, 0x0000000085c00000, 0x0000000085d00000|  0%| F|  |TAMS 0x0000000085c00000, 0x0000000085c00000| Untracked 
|  63|0x0000000085d00000, 0x0000000085d00000, 0x0000000085e00000|  0%| F|  |TAMS 0x0000000085d00000, 0x0000000085d00000| Untracked 
|  64|0x0000000085e00000, 0x0000000085e00000, 0x0000000085f00000|  0%| F|  |TAMS 0x0000000085e00000, 0x0000000085e00000| Untracked 
|  65|0x0000000085f00000, 0x0000000085f00000, 0x0000000086000000|  0%| F|  |TAMS 0x0000000085f00000, 0x0000000085f00000| Untracked 
|  66|0x0000000086000000, 0x0000000086000000, 0x0000000086100000|  0%| F|  |TAMS 0x0000000086000000, 0x0000000086000000| Untracked 
|  67|0x0000000086100000, 0x0000000086100000, 0x0000000086200000|  0%| F|  |TAMS 0x0000000086100000, 0x0000000086100000| Untracked 
|  68|0x0000000086200000, 0x0000000086200000, 0x0000000086300000|  0%| F|  |TAMS 0x0000000086200000, 0x0000000086200000| Untracked 
|  69|0x0000000086300000, 0x0000000086300000, 0x0000000086400000|  0%| F|  |TAMS 0x0000000086300000, 0x0000000086300000| Untracked 
|  70|0x0000000086400000, 0x0000000086400000, 0x0000000086500000|  0%| F|  |TAMS 0x0000000086400000, 0x0000000086400000| Untracked 
|  71|0x0000000086500000, 0x0000000086500000, 0x0000000086600000|  0%| F|  |TAMS 0x0000000086500000, 0x0000000086500000| Untracked 
|  72|0x0000000086600000, 0x0000000086600000, 0x0000000086700000|  0%| F|  |TAMS 0x0000000086600000, 0x0000000086600000| Untracked 
|  73|0x0000000086700000, 0x0000000086700000, 0x0000000086800000|  0%| F|  |TAMS 0x0000000086700000, 0x0000000086700000| Untracked 
|  74|0x0000000086800000, 0x0000000086800000, 0x0000000086900000|  0%| F|  |TAMS 0x0000000086800000, 0x0000000086800000| Untracked 
|  75|0x0000000086900000, 0x0000000086900000, 0x0000000086a00000|  0%| F|  |TAMS 0x0000000086900000, 0x0000000086900000| Untracked 
|  76|0x0000000086a00000, 0x0000000086a00000, 0x0000000086b00000|  0%| F|  |TAMS 0x0000000086a00000, 0x0000000086a00000| Untracked 
|  77|0x0000000086b00000, 0x0000000086b00000, 0x0000000086c00000|  0%| F|  |TAMS 0x0000000086b00000, 0x0000000086b00000| Untracked 
|  78|0x0000000086c00000, 0x0000000086c00000, 0x0000000086d00000|  0%| F|  |TAMS 0x0000000086c00000, 0x0000000086c00000| Untracked 
|  79|0x0000000086d00000, 0x0000000086d00000, 0x0000000086e00000|  0%| F|  |TAMS 0x0000000086d00000, 0x0000000086d00000| Untracked 
|  80|0x0000000086e00000, 0x0000000086e00000, 0x0000000086f00000|  0%| F|  |TAMS 0x0000000086e00000, 0x0000000086e00000| Untracked 
|  81|0x0000000086f00000, 0x0000000086f00000, 0x0000000087000000|  0%| F|  |TAMS 0x0000000086f00000, 0x0000000086f00000| Untracked 
|  82|0x0000000087000000, 0x0000000087000000, 0x0000000087100000|  0%| F|  |TAMS 0x0000000087000000, 0x0000000087000000| Untracked 
|  83|0x0000000087100000, 0x0000000087100000, 0x0000000087200000|  0%| F|  |TAMS 0x0000000087100000, 0x0000000087100000| Untracked 
|  84|0x0000000087200000, 0x0000000087200000, 0x0000000087300000|  0%| F|  |TAMS 0x0000000087200000, 0x0000000087200000| Untracked 
|  85|0x0000000087300000, 0x0000000087300000, 0x0000000087400000|  0%| F|  |TAMS 0x0000000087300000, 0x0000000087300000| Untracked 
|  86|0x0000000087400000, 0x0000000087400000, 0x0000000087500000|  0%| F|  |TAMS 0x0000000087400000, 0x0000000087400000| Untracked 
|  87|0x0000000087500000, 0x0000000087500000, 0x0000000087600000|  0%| F|  |TAMS 0x0000000087500000, 0x0000000087500000| Untracked 
|  88|0x0000000087600000, 0x0000000087600000, 0x0000000087700000|  0%| F|  |TAMS 0x0000000087600000, 0x0000000087600000| Untracked 
|  89|0x0000000087700000, 0x0000000087700000, 0x0000000087800000|  0%| F|  |TAMS 0x0000000087700000, 0x0000000087700000| Untracked 
|  90|0x0000000087800000, 0x0000000087800000, 0x0000000087900000|  0%| F|  |TAMS 0x0000000087800000, 0x0000000087800000| Untracked 
|  91|0x0000000087900000, 0x0000000087900000, 0x0000000087a00000|  0%| F|  |TAMS 0x0000000087900000, 0x0000000087900000| Untracked 
|  92|0x0000000087a00000, 0x0000000087a00000, 0x0000000087b00000|  0%| F|  |TAMS 0x0000000087a00000, 0x0000000087a00000| Untracked 
|  93|0x0000000087b00000, 0x0000000087b00000, 0x0000000087c00000|  0%| F|  |TAMS 0x0000000087b00000, 0x0000000087b00000| Untracked 
|  94|0x0000000087c00000, 0x0000000087c00000, 0x0000000087d00000|  0%| F|  |TAMS 0x0000000087c00000, 0x0000000087c00000| Untracked 
|  95|0x0000000087d00000, 0x0000000087d00000, 0x0000000087e00000|  0%| F|  |TAMS 0x0000000087d00000, 0x0000000087d00000| Untracked 
|  96|0x0000000087e00000, 0x0000000087e00000, 0x0000000087f00000|  0%| F|  |TAMS 0x0000000087e00000, 0x0000000087e00000| Untracked 
|  97|0x0000000087f00000, 0x0000000087f00000, 0x0000000088000000|  0%| F|  |TAMS 0x0000000087f00000, 0x0000000087f00000| Untracked 
|  98|0x0000000088000000, 0x0000000088000000, 0x0000000088100000|  0%| F|  |TAMS 0x0000000088000000, 0x0000000088000000| Untracked 
|  99|0x0000000088100000, 0x0000000088100000, 0x0000000088200000|  0%| F|  |TAMS 0x0000000088100000, 0x0000000088100000| Untracked 
| 100|0x0000000088200000, 0x0000000088200000, 0x0000000088300000|  0%| F|  |TAMS 0x0000000088200000, 0x0000000088200000| Untracked 
| 101|0x0000000088300000, 0x0000000088300000, 0x0000000088400000|  0%| F|  |TAMS 0x0000000088300000, 0x0000000088300000| Untracked 
| 102|0x0000000088400000, 0x0000000088400000, 0x0000000088500000|  0%| F|  |TAMS 0x0000000088400000, 0x0000000088400000| Untracked 
| 103|0x0000000088500000, 0x0000000088500000, 0x0000000088600000|  0%| F|  |TAMS 0x0000000088500000, 0x0000000088500000| Untracked 
| 104|0x0000000088600000, 0x0000000088600000, 0x0000000088700000|  0%| F|  |TAMS 0x0000000088600000, 0x0000000088600000| Untracked 
| 105|0x0000000088700000, 0x0000000088700000, 0x0000000088800000|  0%| F|  |TAMS 0x0000000088700000, 0x0000000088700000| Untracked 
| 106|0x0000000088800000, 0x0000000088800000, 0x0000000088900000|  0%| F|  |TAMS 0x0000000088800000, 0x0000000088800000| Untracked 
| 107|0x0000000088900000, 0x0000000088900000, 0x0000000088a00000|  0%| F|  |TAMS 0x0000000088900000, 0x0000000088900000| Untracked 
| 108|0x0000000088a00000, 0x0000000088a00000, 0x0000000088b00000|  0%| F|  |TAMS 0x0000000088a00000, 0x0000000088a00000| Untracked 
| 109|0x0000000088b00000, 0x0000000088b00000, 0x0000000088c00000|  0%| F|  |TAMS 0x0000000088b00000, 0x0000000088b00000| Untracked 
| 110|0x0000000088c00000, 0x0000000088ccc4e8, 0x0000000088d00000| 79%| E|  |TAMS 0x0000000088c00000, 0x0000000088c00000| Complete 
| 111|0x0000000088d00000, 0x0000000088e00000, 0x0000000088e00000|100%| E|CS|TAMS 0x0000000088d00000, 0x0000000088d00000| Complete 
| 112|0x0000000088e00000, 0x0000000088f00000, 0x0000000088f00000|100%| E|CS|TAMS 0x0000000088e00000, 0x0000000088e00000| Complete 
| 113|0x0000000088f00000, 0x0000000089000000, 0x0000000089000000|100%| E|CS|TAMS 0x0000000088f00000, 0x0000000088f00000| Complete 
| 114|0x0000000089000000, 0x0000000089100000, 0x0000000089100000|100%| E|CS|TAMS 0x0000000089000000, 0x0000000089000000| Complete 
| 115|0x0000000089100000, 0x0000000089200000, 0x0000000089200000|100%| E|CS|TAMS 0x0000000089100000, 0x0000000089100000| Complete 
| 116|0x0000000089200000, 0x00000000892b7ee8, 0x0000000089300000| 71%| S|CS|TAMS 0x0000000089200000, 0x0000000089200000| Complete 
| 117|0x0000000089300000, 0x0000000089400000, 0x0000000089400000|100%| S|CS|TAMS 0x0000000089300000, 0x0000000089300000| Complete 
| 118|0x0000000089400000, 0x0000000089500000, 0x0000000089500000|100%| E|CS|TAMS 0x0000000089400000, 0x0000000089400000| Complete 
| 119|0x0000000089500000, 0x0000000089600000, 0x0000000089600000|100%| E|CS|TAMS 0x0000000089500000, 0x0000000089500000| Complete 
| 120|0x0000000089600000, 0x0000000089700000, 0x0000000089700000|100%| E|CS|TAMS 0x0000000089600000, 0x0000000089600000| Complete 
| 121|0x0000000089700000, 0x0000000089800000, 0x0000000089800000|100%| E|CS|TAMS 0x0000000089700000, 0x0000000089700000| Complete 
| 122|0x0000000089800000, 0x0000000089900000, 0x0000000089900000|100%| E|CS|TAMS 0x0000000089800000, 0x0000000089800000| Complete 
| 123|0x0000000089900000, 0x0000000089a00000, 0x0000000089a00000|100%| E|CS|TAMS 0x0000000089900000, 0x0000000089900000| Complete 
| 124|0x0000000089a00000, 0x0000000089b00000, 0x0000000089b00000|100%| E|CS|TAMS 0x0000000089a00000, 0x0000000089a00000| Complete 
| 125|0x0000000089b00000, 0x0000000089c00000, 0x0000000089c00000|100%| E|CS|TAMS 0x0000000089b00000, 0x0000000089b00000| Complete 
| 126|0x0000000089c00000, 0x0000000089d00000, 0x0000000089d00000|100%| E|CS|TAMS 0x0000000089c00000, 0x0000000089c00000| Complete 
| 127|0x0000000089d00000, 0x0000000089e00000, 0x0000000089e00000|100%| E|CS|TAMS 0x0000000089d00000, 0x0000000089d00000| Complete 

Card table byte_map: [0x00000242f2290000,0x00000242f2690000] _byte_map_base: 0x00000242f1e81000

Marking Bits (Prev, Next): (CMBitMap*) 0x00000242e9c8ee90, (CMBitMap*) 0x00000242e9c8eed0
 Prev Bits: [0x00000242f2a90000, 0x00000242f4a18000)
 Next Bits: [0x00000242f4a20000, 0x00000242f69a8000)

Polling page: 0x00000242e7a50000

Metaspace:

Usage:
  Non-class:     16.13 MB capacity,    16.05 MB (>99%) used,    62.10 KB ( <1%) free+waste,    25.94 KB ( <1%) overhead. 
      Class:      2.51 MB capacity,     2.44 MB ( 97%) used,    60.22 KB (  2%) free+waste,    10.50 KB ( <1%) overhead. 
       Both:     18.65 MB capacity,    18.49 MB (>99%) used,   122.32 KB ( <1%) free+waste,    36.44 KB ( <1%) overhead. 

Virtual space:
  Non-class space:       18.00 MB reserved,      16.25 MB ( 90%) committed 
      Class space:        1.00 GB reserved,       2.62 MB ( <1%) committed 
             Both:        1.02 GB reserved,      18.88 MB (  2%) committed 

Chunk freelists:
   Non-Class:  54.00 KB
       Class:  19.00 KB
        Both:  73.00 KB

MaxMetaspaceSize: 17179869184.00 GB
CompressedClassSpaceSize: 1.00 GB

CodeHeap 'non-profiled nmethods': size=120000Kb used=491Kb max_used=491Kb free=119508Kb
 bounds [0x0000024287ad0000, 0x0000024287d40000, 0x000002428f000000]
CodeHeap 'profiled nmethods': size=120000Kb used=3136Kb max_used=3136Kb free=116863Kb
 bounds [0x00000242805a0000, 0x00000242808c0000, 0x0000024287ad0000]
CodeHeap 'non-nmethods': size=5760Kb used=1458Kb max_used=1469Kb free=4301Kb
 bounds [0x0000024280000000, 0x0000024280270000, 0x00000242805a0000]
 total_blobs=2524 nmethods=1738 adapters=698
 compilation: enabled
              stopped_count=0, restarted_count=0
 full_count=0

Compilation events (20 events):
Event: 2.525 Thread 0x00000242f8ede980 nmethod 1728 0x00000242808a9390 code [0x00000242808a95c0, 0x00000242808aa188]
Event: 2.525 Thread 0x00000242f8ede980 1727       3       sun.awt.image.InputStreamImageSource::latchConsumers (6 bytes)
Event: 2.525 Thread 0x00000242f8ede980 nmethod 1727 0x00000242808aa510 code [0x00000242808aa6c0, 0x00000242808aaa48]
Event: 2.525 Thread 0x00000242f8ede980 1729       3       java.lang.invoke.DirectMethodHandle$Holder::newInvokeSpecial (21 bytes)
Event: 2.525 Thread 0x00000242f8ede980 nmethod 1729 0x00000242808aab90 code [0x00000242808aad80, 0x00000242808ab528]
Event: 2.525 Thread 0x00000242f8ede980 1730       3       javafx.beans.property.ObjectProperty::<init> (5 bytes)
Event: 2.526 Thread 0x00000242f8ede980 nmethod 1730 0x00000242808ab710 code [0x00000242808ab8c0, 0x00000242808abad8]
Event: 2.526 Thread 0x00000242f8ede980 1731       3       com.sun.javafx.binding.ExpressionHelper::fireValueChangedEvent (9 bytes)
Event: 2.526 Thread 0x00000242f8ede980 nmethod 1731 0x00000242808abc10 code [0x00000242808abdc0, 0x00000242808abfa8]
Event: 2.528 Thread 0x000002428f014af0 1732       4       java.util.HashMap$HashIterator::nextNode (100 bytes)
Event: 2.530 Thread 0x00000242f8ede980 1735       3       sun.awt.image.GifImageDecoder::sendPixels (415 bytes)
Event: 2.532 Thread 0x00000242f8ede980 nmethod 1735 0x00000242808ac090 code [0x00000242808ac2e0, 0x00000242808ad248]
Event: 2.533 Thread 0x00000242f8ede980 1736       3       java.util.HashMap::<init> (98 bytes)
Event: 2.535 Thread 0x00000242f8ede980 nmethod 1736 0x00000242808ad690 code [0x00000242808ad9c0, 0x00000242808aead8]
Event: 2.539 Thread 0x000002428f014af0 nmethod 1732 0x0000024287b4a210 code [0x0000024287b4a3a0, 0x0000024287b4a798]
Event: 2.539 Thread 0x000002428f014af0 1733       4       java.util.ArrayList::isEmpty (13 bytes)
Event: 2.539 Thread 0x000002428f014af0 nmethod 1733 0x0000024287b4a910 code [0x0000024287b4aa80, 0x0000024287b4aaf8]
Event: 2.545 Thread 0x00000242f8ede980 1737       1       java.awt.Window::isRecursivelyVisible (5 bytes)
Event: 2.545 Thread 0x00000242f8ede980 nmethod 1737 0x0000024287b4ac10 code [0x0000024287b4ada0, 0x0000024287b4ae58]
Event: 2.569 Thread 0x000002428f014af0 1738   !   4       java.net.URL::<init> (543 bytes)

GC Heap History (4 events):
Event: 1.298 GC heap before
{Heap before GC invocations=0 (full 0):
 garbage-first heap   total 131072K, used 13312K [0x0000000081e00000, 0x0000000100000000)
  region size 1024K, 13 young (13312K), 0 survivors (0K)
 Metaspace       used 7801K, capacity 7975K, committed 8192K, reserved 1056768K
  class space    used 849K, capacity 901K, committed 1024K, reserved 1048576K
}
Event: 1.307 GC heap after
{Heap after GC invocations=1 (full 0):
 garbage-first heap   total 131072K, used 4056K [0x0000000081e00000, 0x0000000100000000)
  region size 1024K, 2 young (2048K), 2 survivors (2048K)
 Metaspace       used 7801K, capacity 7975K, committed 8192K, reserved 1056768K
  class space    used 849K, capacity 901K, committed 1024K, reserved 1048576K
}
Event: 1.781 GC heap before
{Heap before GC invocations=1 (full 0):
 garbage-first heap   total 131072K, used 16344K [0x0000000081e00000, 0x0000000100000000)
  region size 1024K, 12 young (12288K), 2 survivors (2048K)
 Metaspace       used 13851K, capacity 14095K, committed 14208K, reserved 1062912K
  class space    used 1579K, capacity 1658K, committed 1664K, reserved 1048576K
}
Event: 1.790 GC heap after
{Heap after GC invocations=2 (full 0):
 garbage-first heap   total 131072K, used 8927K [0x0000000081e00000, 0x0000000100000000)
  region size 1024K, 2 young (2048K), 2 survivors (2048K)
 Metaspace       used 13851K, capacity 14095K, committed 14208K, reserved 1062912K
  class space    used 1579K, capacity 1658K, committed 1664K, reserved 1048576K
}

Deoptimization events (20 events):
Event: 2.491 Thread 0x00000242f9ee0ee0 DEOPT PACKING pc=0x0000024287b375e4 sp=0x000000fda57fd4a0
Event: 2.491 Thread 0x00000242f9ee0ee0 DEOPT UNPACKING pc=0x000002428004e42f sp=0x000000fda57fd3b8 mode 2
Event: 2.495 Thread 0x00000242f9ee0ee0 Uncommon trap: trap_request=0xffffffde fr.pc=0x0000024287af3db4 relative=0x0000000000000194
Event: 2.495 Thread 0x00000242f9ee0ee0 Uncommon trap: reason=class_check action=maybe_recompile pc=0x0000024287af3db4 method=java.lang.String.equals(Ljava/lang/Object;)Z @ 8 c2
Event: 2.496 Thread 0x00000242f9ee0ee0 DEOPT PACKING pc=0x0000024287af3db4 sp=0x000000fda57fd5f0
Event: 2.496 Thread 0x00000242f9ee0ee0 DEOPT UNPACKING pc=0x000002428004e42f sp=0x000000fda57fd598 mode 2
Event: 2.496 Thread 0x00000242f9ee0ee0 Uncommon trap: trap_request=0xffffffde fr.pc=0x0000024287af3db4 relative=0x0000000000000194
Event: 2.496 Thread 0x00000242f9ee0ee0 Uncommon trap: reason=class_check action=maybe_recompile pc=0x0000024287af3db4 method=java.lang.String.equals(Ljava/lang/Object;)Z @ 8 c2
Event: 2.496 Thread 0x00000242f9ee0ee0 DEOPT PACKING pc=0x0000024287af3db4 sp=0x000000fda57fd500
Event: 2.496 Thread 0x00000242f9ee0ee0 DEOPT UNPACKING pc=0x000002428004e42f sp=0x000000fda57fd4a8 mode 2
Event: 2.496 Thread 0x00000242f9ee0ee0 Uncommon trap: trap_request=0xffffffde fr.pc=0x0000024287af3db4 relative=0x0000000000000194
Event: 2.496 Thread 0x00000242f9ee0ee0 Uncommon trap: reason=class_check action=maybe_recompile pc=0x0000024287af3db4 method=java.lang.String.equals(Ljava/lang/Object;)Z @ 8 c2
Event: 2.496 Thread 0x00000242f9ee0ee0 DEOPT PACKING pc=0x0000024287af3db4 sp=0x000000fda57fd500
Event: 2.496 Thread 0x00000242f9ee0ee0 DEOPT UNPACKING pc=0x000002428004e42f sp=0x000000fda57fd4a8 mode 2
Event: 2.498 Thread 0x00000242f9ee0ee0 Uncommon trap: trap_request=0xffffffde fr.pc=0x0000024287af3db4 relative=0x0000000000000194
Event: 2.498 Thread 0x00000242f9ee0ee0 Uncommon trap: reason=class_check action=maybe_recompile pc=0x0000024287af3db4 method=java.lang.String.equals(Ljava/lang/Object;)Z @ 8 c2
Event: 2.498 Thread 0x00000242f9ee0ee0 DEOPT PACKING pc=0x0000024287af3db4 sp=0x000000fda57fd150
Event: 2.498 Thread 0x00000242f9ee0ee0 DEOPT UNPACKING pc=0x000002428004e42f sp=0x000000fda57fd0f8 mode 2
Event: 2.587 Thread 0x00000242f9ee0ee0 DEOPT PACKING pc=0x00000242806adc50 sp=0x000000fda57f8a90
Event: 2.587 Thread 0x00000242f9ee0ee0 DEOPT UNPACKING pc=0x000002428004e23f sp=0x000000fda57f7f18 mode 0

Classes unloaded (0 events):
No events

Classes redefined (0 events):
No events

Internal exceptions (20 events):
Event: 0.309 Thread 0x00000242e9c4e0f0 Exception <a 'java/lang/NoSuchMethodError'{0x0000000089b6ee00}: 'java.lang.Object java.lang.invoke.DirectMethodHandle$Holder.invokeStatic(java.lang.Object)'> (0x0000000089b6ee00) 
thrown [./open/src/hotspot/share/interpreter/linkResolver.cpp, line 782]
Event: 0.513 Thread 0x00000242e9c4e0f0 Exception <a 'java/lang/NoSuchMethodError'{0x0000000089ac2ed8}: 'java.lang.Object java.lang.invoke.DirectMethodHandle$Holder.invokeStaticInit(java.lang.Object)'> (0x0000000089ac2ed8) 
thrown [./open/src/hotspot/share/interpreter/linkResolver.cpp, line 782]
Event: 0.610 Thread 0x00000242e9c4e0f0 Exception <a 'java/lang/NoSuchMethodError'{0x0000000089978738}: 'java.lang.Object java.lang.invoke.DirectMethodHandle$Holder.newInvokeSpecial(java.lang.Object, java.lang.Object, java.lang.Object, java.lang.Object, java.lang.Object)'> (0x0000000089978738) 
thrown [./open/src/hotspot/share/interpreter/linkResolver.cpp, line 782]
Event: 0.614 Thread 0x00000242e9c4e0f0 Exception <a 'java/lang/NoSuchMethodError'{0x00000000899841c8}: 'java.lang.Object java.lang.invoke.DirectMethodHandle$Holder.invokeStatic(java.lang.Object, int, java.lang.Object, java.lang.Object, java.lang.Object, java.lang.Object)'> (0x00000000899841c8) 
thrown [./open/src/hotspot/share/interpreter/linkResolver.cpp, line 782]
Event: 0.626 Thread 0x00000242e9c4e0f0 Exception <a 'java/lang/NoSuchMethodError'{0x00000000899aa6a0}: 'java.lang.Object java.lang.invoke.DirectMethodHandle$Holder.invokeStatic(java.lang.Object, int, java.lang.Object)'> (0x00000000899aa6a0) 
thrown [./open/src/hotspot/share/interpreter/linkResolver.cpp, line 782]
Event: 0.710 Thread 0x00000242e9c4e0f0 Exception <a 'java/lang/ClassNotFoundException'{0x0000000089863500}: com/sun/swing/internal/plaf/metal/resources/spi/metalProvider> (0x0000000089863500) 
thrown [./open/src/hotspot/share/classfile/systemDictionary.cpp, line 295]
Event: 0.712 Thread 0x00000242e9c4e0f0 Exception <a 'java/lang/ClassNotFoundException'{0x00000000898677c0}: com/sun/swing/internal/plaf/basic/resources/spi/basicProvider> (0x00000000898677c0) 
thrown [./open/src/hotspot/share/classfile/systemDictionary.cpp, line 295]
Event: 0.839 Thread 0x00000242e9c4e0f0 Exception <a 'java/lang/ClassNotFoundException'{0x000000008978f2c8}: sun/util/logging/resources/spi/loggingProvider> (0x000000008978f2c8) 
thrown [./open/src/hotspot/share/classfile/systemDictionary.cpp, line 295]
Event: 1.124 Thread 0x00000242e9c4e0f0 Exception <a 'java/lang/NoSuchMethodError'{0x00000000895a6ba0}: 'void java.lang.invoke.DirectMethodHandle$Holder.invokeStatic(java.lang.Object, java.lang.Object, java.lang.Object)'> (0x00000000895a6ba0) 
thrown [./open/src/hotspot/share/interpreter/linkResolver.cpp, line 782]
Event: 1.156 Thread 0x00000242e9c4e0f0 Exception <a 'java/lang/NoSuchMethodError'{0x00000000895c1988}: 'int java.lang.invoke.DirectMethodHandle$Holder.invokeStaticInit(java.lang.Object, java.lang.Object, java.lang.Object)'> (0x00000000895c1988) 
thrown [./open/src/hotspot/share/interpreter/linkResolver.cpp, line 782]
Event: 1.158 Thread 0x00000242e9c4e0f0 Exception <a 'java/lang/NoSuchMethodError'{0x0000000089447b70}: 'void java.lang.invoke.DirectMethodHandle$Holder.invokeStatic(java.lang.Object, java.lang.Object)'> (0x0000000089447b70) 
thrown [./open/src/hotspot/share/interpreter/linkResolver.cpp, line 782]
Event: 1.192 Thread 0x00000242e9c4e0f0 Exception <a 'java/lang/NoSuchMethodError'{0x00000000894e5880}: 'java.lang.Object java.lang.invoke.DirectMethodHandle$Holder.newInvokeSpecial(java.lang.Object, java.lang.Object, int, java.lang.Object)'> (0x00000000894e5880) 
thrown [./open/src/hotspot/share/interpreter/linkResolver.cpp, line 782]
Event: 1.192 Thread 0x00000242e9c4e0f0 Exception <a 'java/lang/NoSuchMethodError'{0x00000000894e9ac0}: 'java.lang.Object java.lang.invoke.DirectMethodHandle$Holder.invokeSpecial(java.lang.Object, java.lang.Object, java.lang.Object, int, java.lang.Object)'> (0x00000000894e9ac0) 
thrown [./open/src/hotspot/share/interpreter/linkResolver.cpp, line 782]
Event: 1.265 Thread 0x00000242f9ee0ee0 Exception <a 'java/lang/NoSuchMethodError'{0x000000008932afb8}: 'void java.lang.invoke.DirectMethodHandle$Holder.invokeStaticInit(java.lang.Object)'> (0x000000008932afb8) 
thrown [./open/src/hotspot/share/interpreter/linkResolver.cpp, line 782]
Event: 1.504 Thread 0x00000242f9ee0ee0 Exception <a 'java/lang/NoSuchMethodError'{0x000000008990fda8}: 'java.lang.Object java.lang.invoke.DirectMethodHandle$Holder.invokeStaticInit(java.lang.Object, java.lang.Object, java.lang.Object, java.lang.Object)'> (0x000000008990fda8) 
thrown [./open/src/hotspot/share/interpreter/linkResolver.cpp, line 782]
Event: 1.506 Thread 0x00000242f9ee0ee0 Exception <a 'java/lang/NullPointerException'{0x000000008991aeb8}> (0x000000008991aeb8) 
thrown [./open/src/hotspot/share/interpreter/linkResolver.cpp, line 1374]
Event: 1.513 Thread 0x00000242f9ee0ee0 Exception <a 'java/lang/NoSuchMethodError'{0x00000000899387d0}: 'void java.lang.invoke.DirectMethodHandle$Holder.invokeSpecial(java.lang.Object, java.lang.Object, java.lang.Object, java.lang.Object, java.lang.Object)'> (0x00000000899387d0) 
thrown [./open/src/hotspot/share/interpreter/linkResolver.cpp, line 782]
Event: 1.872 Thread 0x00000242f9ee0ee0 Exception <a 'java/lang/NoSuchMethodError'{0x0000000089b336e0}: 'void java.lang.invoke.DirectMethodHandle$Holder.invokeStaticInit(java.lang.Object, java.lang.Object)'> (0x0000000089b336e0) 
thrown [./open/src/hotspot/share/interpreter/linkResolver.cpp, line 782]
Event: 2.500 Thread 0x00000242fa2df210 Exception <a 'java/lang/NoSuchMethodError'{0x0000000088ffbff8}: 'java.lang.Object java.lang.invoke.DirectMethodHandle$Holder.newInvokeSpecial(java.lang.Object, java.lang.Object, java.lang.Object, int, int, int, int, int)'> (0x0000000088ffbff8) 
thrown [./open/src/hotspot/share/interpreter/linkResolver.cpp, line 782]
Event: 2.510 Thread 0x00000242f9ee0ee0 Exception <a 'java/lang/NoSuchMethodError'{0x0000000088e5a260}: 'int java.lang.invoke.DirectMethodHandle$Holder.invokeStaticInit(java.lang.Object, java.lang.Object)'> (0x0000000088e5a260) 
thrown [./open/src/hotspot/share/interpreter/linkResolver.cpp, line 782]

Events (20 events):
Event: 2.540 loading class java/awt/datatransfer/SystemFlavorMap$SoftCache
Event: 2.540 loading class java/awt/datatransfer/SystemFlavorMap$SoftCache done
Event: 2.540 loading class java/awt/dnd/DragSourceAdapter
Event: 2.541 loading class java/awt/dnd/DragSourceMotionListener
Event: 2.541 loading class java/awt/dnd/DragSourceMotionListener done
Event: 2.541 loading class java/awt/dnd/DragSourceAdapter done
Event: 2.541 loading class java/awt/dnd/DropTargetAdapter
Event: 2.541 loading class java/awt/dnd/DropTargetAdapter done
Event: 2.541 loading class java/awt/dnd/InvalidDnDOperationException
Event: 2.541 loading class java/awt/dnd/InvalidDnDOperationException done
Event: 2.542 loading class java/awt/dnd/DropTarget
Event: 2.542 loading class java/awt/dnd/DropTarget done
Event: 2.542 loading class java/awt/dnd/DropTargetContext
Event: 2.542 loading class java/awt/dnd/DropTargetContext done
Event: 2.542 loading class java/awt/dnd/DropTargetContext$1
Event: 2.542 loading class sun/awt/AWTAccessor$DropTargetContextAccessor
Event: 2.542 loading class sun/awt/AWTAccessor$DropTargetContextAccessor done
Event: 2.542 loading class java/awt/dnd/DropTargetContext$1 done
Event: 2.542 loading class java/awt/dnd/DnDEventMulticaster
Event: 2.543 loading class java/awt/dnd/DnDEventMulticaster done


Dynamic libraries:
0x00007ff6c5ba0000 - 0x00007ff6c5baf000 	C:\Program Files\Java\jdk-15.0.2\bin\javaw.exe
0x00007ffd25370000 - 0x00007ffd25565000 	C:\WINDOWS\SYSTEM32\ntdll.dll
0x00007ffd24b20000 - 0x00007ffd24bdd000 	C:\WINDOWS\System32\KERNEL32.DLL
0x00007ffd23100000 - 0x00007ffd233c8000 	C:\WINDOWS\System32\KERNELBASE.dll
0x00007ffd22ab0000 - 0x00007ffd22bb0000 	C:\WINDOWS\System32\ucrtbase.dll
0x00007ffd05540000 - 0x00007ffd05558000 	C:\Program Files\Java\jdk-15.0.2\bin\jli.dll
0x00007ffd24050000 - 0x00007ffd240fc000 	C:\WINDOWS\System32\ADVAPI32.dll
0x00007ffd24400000 - 0x00007ffd2449e000 	C:\WINDOWS\System32\msvcrt.dll
0x00007ffd23c00000 - 0x00007ffd23c9b000 	C:\WINDOWS\System32\sechost.dll
0x00007ffd24690000 - 0x00007ffd247bb000 	C:\WINDOWS\System32\RPCRT4.dll
0x00007ffd233d0000 - 0x00007ffd23570000 	C:\WINDOWS\System32\USER32.dll
0x00007ffd22ee0000 - 0x00007ffd22f02000 	C:\WINDOWS\System32\win32u.dll
0x00007ffd01e70000 - 0x00007ffd01e89000 	C:\Program Files\Java\jdk-15.0.2\bin\VCRUNTIME140.dll
0x00007ffd24370000 - 0x00007ffd2439a000 	C:\WINDOWS\System32\GDI32.dll
0x00007ffd22f10000 - 0x00007ffd2301b000 	C:\WINDOWS\System32\gdi32full.dll
0x00007ffd22c90000 - 0x00007ffd22d2d000 	C:\WINDOWS\System32\msvcp_win.dll
0x00007ffd126f0000 - 0x00007ffd1298a000 	C:\WINDOWS\WinSxS\amd64_microsoft.windows.common-controls_6595b64144ccf1df_6.0.19041.844_none_ca00b6081b84eb1d\COMCTL32.dll
0x00007ffd12220000 - 0x00007ffd1222a000 	C:\WINDOWS\SYSTEM32\VERSION.dll
0x00007ffd24110000 - 0x00007ffd24140000 	C:\WINDOWS\System32\IMM32.DLL
0x00007ffd12410000 - 0x00007ffd1241c000 	C:\Program Files\Java\jdk-15.0.2\bin\vcruntime140_1.dll
0x00007ffcfc660000 - 0x00007ffcfc6f1000 	C:\Program Files\Java\jdk-15.0.2\bin\msvcp140.dll
0x00007ffce15a0000 - 0x00007ffce20fe000 	C:\Program Files\Java\jdk-15.0.2\bin\server\jvm.dll
0x00007ffd239e0000 - 0x00007ffd239e8000 	C:\WINDOWS\System32\PSAPI.DLL
0x00007ffd04710000 - 0x00007ffd04719000 	C:\WINDOWS\SYSTEM32\WSOCK32.dll
0x00007ffd24300000 - 0x00007ffd2436b000 	C:\WINDOWS\System32\WS2_32.dll
0x00007ffd115b0000 - 0x00007ffd115d7000 	C:\WINDOWS\SYSTEM32\WINMM.dll
0x00007ffd21380000 - 0x00007ffd21392000 	C:\WINDOWS\SYSTEM32\kernel.appcore.dll
0x00007ffd1cd60000 - 0x00007ffd1cd6a000 	C:\Program Files\Java\jdk-15.0.2\bin\jimage.dll
0x00007ffd10820000 - 0x00007ffd10a04000 	C:\WINDOWS\SYSTEM32\DBGHELP.DLL
0x00007ffd107f0000 - 0x00007ffd1081c000 	C:\WINDOWS\SYSTEM32\dbgcore.DLL
0x00007ffd22c10000 - 0x00007ffd22c90000 	C:\WINDOWS\System32\bcryptPrimitives.dll
0x00007ffcfb970000 - 0x00007ffcfb995000 	C:\Program Files\Java\jdk-15.0.2\bin\java.dll
0x00007ffd24be0000 - 0x00007ffd25322000 	C:\WINDOWS\System32\SHELL32.dll
0x00007ffd20be0000 - 0x00007ffd21370000 	C:\WINDOWS\SYSTEM32\windows.storage.dll
0x00007ffd247c0000 - 0x00007ffd24b15000 	C:\WINDOWS\System32\combase.dll
0x00007ffd22520000 - 0x00007ffd2254c000 	C:\WINDOWS\SYSTEM32\Wldp.dll
0x00007ffd23af0000 - 0x00007ffd23b9e000 	C:\WINDOWS\System32\SHCORE.dll
0x00007ffd23ff0000 - 0x00007ffd24045000 	C:\WINDOWS\System32\shlwapi.dll
0x00007ffd229f0000 - 0x00007ffd22a0f000 	C:\WINDOWS\SYSTEM32\profapi.dll
0x00007ffd01e10000 - 0x00007ffd01e29000 	C:\Program Files\Java\jdk-15.0.2\bin\net.dll
0x00007ffd14740000 - 0x00007ffd1484b000 	C:\WINDOWS\SYSTEM32\WINHTTP.dll
0x00007ffd22290000 - 0x00007ffd222fa000 	C:\WINDOWS\system32\mswsock.dll
0x00007ffd01cb0000 - 0x00007ffd01cc2000 	C:\Program Files\Java\jdk-15.0.2\bin\nio.dll
0x00007ffcfd9d0000 - 0x00007ffcfd9e8000 	C:\Program Files\Java\jdk-15.0.2\bin\zip.dll
0x00007ffcfbed0000 - 0x00007ffcfc050000 	C:\Program Files\Java\jdk-15.0.2\bin\awt.dll
0x00007ffd244a0000 - 0x00007ffd2456d000 	C:\WINDOWS\System32\OLEAUT32.dll
0x00007ffd1f8a0000 - 0x00007ffd1f930000 	C:\WINDOWS\SYSTEM32\apphelp.dll
0x00007ffd1fb60000 - 0x00007ffd1fb8f000 	C:\WINDOWS\system32\DWMAPI.DLL
0x00007ffd1f9e0000 - 0x00007ffd1fa7e000 	C:\WINDOWS\system32\uxtheme.dll
0x00007ffd07ed0000 - 0x00007ffd07ff6000 	C:\WINDOWS\system32\opengl32.dll
0x00007ffd07ea0000 - 0x00007ffd07ecc000 	C:\WINDOWS\SYSTEM32\GLU32.dll
0x00007ffd24570000 - 0x00007ffd24685000 	C:\WINDOWS\System32\MSCTF.dll
0x00007ffd241d0000 - 0x00007ffd242fa000 	C:\WINDOWS\System32\ole32.dll
0x00000242e7c30000 - 0x00000242e7c33000 	D:\javafx\javafx-sdk-16\bin\api-ms-win-core-console-l1-1-0.dll
0x00000242e7c40000 - 0x00000242e7c43000 	D:\javafx\javafx-sdk-16\bin\api-ms-win-core-console-l1-2-0.dll
0x00000242e7c50000 - 0x00000242e7c53000 	D:\javafx\javafx-sdk-16\bin\api-ms-win-core-datetime-l1-1-0.dll
0x00000242e7c60000 - 0x00000242e7c63000 	D:\javafx\javafx-sdk-16\bin\api-ms-win-core-debug-l1-1-0.dll
0x00000242e7c70000 - 0x00000242e7c73000 	D:\javafx\javafx-sdk-16\bin\api-ms-win-core-errorhandling-l1-1-0.dll
0x00000242e9b60000 - 0x00000242e9b64000 	D:\javafx\javafx-sdk-16\bin\api-ms-win-core-file-l1-1-0.dll
0x00000242e9b70000 - 0x00000242e9b73000 	D:\javafx\javafx-sdk-16\bin\api-ms-win-core-file-l1-2-0.dll
0x00000242e9b80000 - 0x00000242e9b83000 	D:\javafx\javafx-sdk-16\bin\api-ms-win-core-file-l2-1-0.dll
0x00000242e9b90000 - 0x00000242e9b93000 	D:\javafx\javafx-sdk-16\bin\api-ms-win-core-handle-l1-1-0.dll
0x00000242e9ba0000 - 0x00000242e9ba3000 	D:\javafx\javafx-sdk-16\bin\api-ms-win-core-heap-l1-1-0.dll
0x00000242e9bb0000 - 0x00000242e9bb3000 	D:\javafx\javafx-sdk-16\bin\api-ms-win-core-interlocked-l1-1-0.dll
0x00000242e9bc0000 - 0x00000242e9bc3000 	D:\javafx\javafx-sdk-16\bin\api-ms-win-core-libraryloader-l1-1-0.dll
0x00000242e9be0000 - 0x00000242e9be3000 	D:\javafx\javafx-sdk-16\bin\api-ms-win-core-localization-l1-2-0.dll
0x00000242e9bf0000 - 0x00000242e9bf3000 	D:\javafx\javafx-sdk-16\bin\api-ms-win-core-memory-l1-1-0.dll
0x00000242e9c00000 - 0x00000242e9c03000 	D:\javafx\javafx-sdk-16\bin\api-ms-win-core-namedpipe-l1-1-0.dll
0x00000242e9c10000 - 0x00000242e9c13000 	D:\javafx\javafx-sdk-16\bin\api-ms-win-core-processenvironment-l1-1-0.dll
0x00000242e9c20000 - 0x00000242e9c23000 	D:\javafx\javafx-sdk-16\bin\api-ms-win-core-processthreads-l1-1-0.dll
0x00000242fa610000 - 0x00000242fa613000 	D:\javafx\javafx-sdk-16\bin\api-ms-win-core-processthreads-l1-1-1.dll
0x00000242fa620000 - 0x00000242fa623000 	D:\javafx\javafx-sdk-16\bin\api-ms-win-core-profile-l1-1-0.dll
0x00000242fa630000 - 0x00000242fa633000 	D:\javafx\javafx-sdk-16\bin\api-ms-win-core-rtlsupport-l1-1-0.dll
0x00000242fa640000 - 0x00000242fa643000 	D:\javafx\javafx-sdk-16\bin\api-ms-win-core-string-l1-1-0.dll
0x00000242fa650000 - 0x00000242fa653000 	D:\javafx\javafx-sdk-16\bin\api-ms-win-core-synch-l1-1-0.dll
0x00000242fa660000 - 0x00000242fa663000 	D:\javafx\javafx-sdk-16\bin\api-ms-win-core-synch-l1-2-0.dll
0x00000242fa670000 - 0x00000242fa673000 	D:\javafx\javafx-sdk-16\bin\api-ms-win-core-sysinfo-l1-1-0.dll
0x00000242fa680000 - 0x00000242fa683000 	D:\javafx\javafx-sdk-16\bin\api-ms-win-core-timezone-l1-1-0.dll
0x00000242fa690000 - 0x00000242fa693000 	D:\javafx\javafx-sdk-16\bin\api-ms-win-core-util-l1-1-0.dll
0x00000242fa6a0000 - 0x00000242fa6a3000 	D:\javafx\javafx-sdk-16\bin\api-ms-win-crt-conio-l1-1-0.dll
0x00000242fa6b0000 - 0x00000242fa6b4000 	D:\javafx\javafx-sdk-16\bin\api-ms-win-crt-convert-l1-1-0.dll
0x00000242fa6c0000 - 0x00000242fa6c3000 	D:\javafx\javafx-sdk-16\bin\api-ms-win-crt-environment-l1-1-0.dll
0x00000242fa6d0000 - 0x00000242fa6d3000 	D:\javafx\javafx-sdk-16\bin\api-ms-win-crt-filesystem-l1-1-0.dll
0x00000242fa6e0000 - 0x00000242fa6e3000 	D:\javafx\javafx-sdk-16\bin\api-ms-win-crt-heap-l1-1-0.dll
0x00000242fa6f0000 - 0x00000242fa6f3000 	D:\javafx\javafx-sdk-16\bin\api-ms-win-crt-locale-l1-1-0.dll
0x00000242fa700000 - 0x00000242fa705000 	D:\javafx\javafx-sdk-16\bin\api-ms-win-crt-math-l1-1-0.dll
0x00000242fa710000 - 0x00000242fa715000 	D:\javafx\javafx-sdk-16\bin\api-ms-win-crt-multibyte-l1-1-0.dll
0x00000242fa720000 - 0x00000242fa730000 	D:\javafx\javafx-sdk-16\bin\api-ms-win-crt-private-l1-1-0.dll
0x00000242fa730000 - 0x00000242fa733000 	D:\javafx\javafx-sdk-16\bin\api-ms-win-crt-process-l1-1-0.dll
0x00000242fa740000 - 0x00000242fa744000 	D:\javafx\javafx-sdk-16\bin\api-ms-win-crt-runtime-l1-1-0.dll
0x00000242fa750000 - 0x00000242fa754000 	D:\javafx\javafx-sdk-16\bin\api-ms-win-crt-stdio-l1-1-0.dll
0x00000242fa760000 - 0x00000242fa764000 	D:\javafx\javafx-sdk-16\bin\api-ms-win-crt-string-l1-1-0.dll
0x00000242fa770000 - 0x00000242fa773000 	D:\javafx\javafx-sdk-16\bin\api-ms-win-crt-time-l1-1-0.dll
0x00000242fa780000 - 0x00000242fa783000 	D:\javafx\javafx-sdk-16\bin\api-ms-win-crt-utility-l1-1-0.dll
0x00007ffcf1f60000 - 0x00007ffcf205c000 	D:\javafx\javafx-sdk-16\bin\ucrtbase.dll
0x00007ffd01df0000 - 0x00007ffd01e09000 	D:\javafx\javafx-sdk-16\bin\vcruntime140.dll
0x00007ffd11900000 - 0x00007ffd1190c000 	D:\javafx\javafx-sdk-16\bin\vcruntime140_1.dll
0x00007ffcfbe30000 - 0x00007ffcfbec1000 	D:\javafx\javafx-sdk-16\bin\msvcp140.dll
0x00007ffd01d00000 - 0x00007ffd01d27000 	D:\javafx\javafx-sdk-16\bin\prism_d3d.dll
0x00007ffcfad80000 - 0x00007ffcfaf4e000 	C:\WINDOWS\system32\d3d9.dll
0x00007ffcdc990000 - 0x00007ffcdeecd000 	C:\WINDOWS\SYSTEM32\igdumdim64.dll
0x00007ffd23570000 - 0x00007ffd239d9000 	C:\WINDOWS\System32\SETUPAPI.dll
0x00007ffd22e90000 - 0x00007ffd22ede000 	C:\WINDOWS\System32\cfgmgr32.dll
0x00007ffd23020000 - 0x00007ffd23047000 	C:\WINDOWS\System32\bcrypt.dll
0x00007ffcfbc80000 - 0x00007ffcfbcc2000 	D:\javafx\javafx-sdk-16\bin\glass.dll
0x00007ffd23a10000 - 0x00007ffd23aea000 	C:\WINDOWS\System32\COMDLG32.dll
0x00007ffd16790000 - 0x00007ffd171d0000 	C:\WINDOWS\SYSTEM32\igdusc64.dll
0x00007ffd181f0000 - 0x00007ffd1822b000 	C:\WINDOWS\SYSTEM32\dxcore.dll
0x00007ffcfbac0000 - 0x00007ffcfbb45000 	C:\Program Files\Java\jdk-15.0.2\bin\freetype.dll
0x00007ffcef340000 - 0x00007ffcef3e9000 	C:\Program Files\Java\jdk-15.0.2\bin\fontmanager.dll
0x00007ffd15f00000 - 0x00007ffd15ff9000 	C:\WINDOWS\SYSTEM32\textinputframework.dll
0x00007ffd1f670000 - 0x00007ffd1f762000 	C:\WINDOWS\System32\CoreMessaging.dll
0x00007ffd1ef90000 - 0x00007ffd1f2ee000 	C:\WINDOWS\System32\CoreUIComponents.dll
0x00007ffd1dfb0000 - 0x00007ffd1e104000 	C:\WINDOWS\SYSTEM32\wintypes.dll
0x00007ffd217f0000 - 0x00007ffd21823000 	C:\WINDOWS\SYSTEM32\ntmarta.dll
0x00007ffd06720000 - 0x00007ffd06786000 	C:\WINDOWS\system32\Oleacc.dll
0x00007ffcfe3b0000 - 0x00007ffcfe3c4000 	D:\javafx\javafx-sdk-16\bin\javafx_font.dll
0x00007ffd13f00000 - 0x00007ffd1417f000 	C:\WINDOWS\SYSTEM32\dwrite.dll

dbghelp: loaded successfully - version: 4.0.5 - missing functions: none
symbol engine: initialized successfully - sym options: 0x614 - pdb path: .;C:\Program Files\Java\jdk-15.0.2\bin;C:\WINDOWS\SYSTEM32;C:\WINDOWS\WinSxS\amd64_microsoft.windows.common-controls_6595b64144ccf1df_6.0.19041.844_none_ca00b6081b84eb1d;C:\Program Files\Java\jdk-15.0.2\bin\server;D:\javafx\javafx-sdk-16\bin

VM Arguments:
jvm_args: -Dfile.encoding=Cp1252 -XX:+ShowCodeDetailsInExceptionMessages 
java_command: hust.soict.globalict.aims.screen.StoreScreen
java_class_path (initial): C:\Users\admin\Desktop\OOLT.ICT.20202.20184332.NguyenTrinhVu\lab10\AimsProject2\bin;D:\javafx\javafx-sdk-16\lib\javafx.base.jar;D:\javafx\javafx-sdk-16\lib\javafx.controls.jar;D:\javafx\javafx-sdk-16\lib\javafx.fxml.jar;D:\javafx\javafx-sdk-16\lib\javafx.graphics.jar;D:\javafx\javafx-sdk-16\lib\javafx.media.jar;D:\javafx\javafx-sdk-16\lib\javafx.swing.jar;D:\javafx\javafx-sdk-16\lib\javafx.web.jar;D:\javafx\javafx-sdk-16\lib\javafx-swt.jar
Launcher Type: SUN_STANDARD

[Global flags]
     intx CICompilerCount                          = 3                                         {product} {ergonomic}
     uint ConcGCThreads                            = 1                                         {product} {ergonomic}
     uint G1ConcRefinementThreads                  = 4                                         {product} {ergonomic}
   size_t G1HeapRegionSize                         = 1048576                                   {product} {ergonomic}
    uintx GCDrainStackTargetSize                   = 64                                        {product} {ergonomic}
   size_t InitialHeapSize                          = 134217728                                 {product} {ergonomic}
   size_t MarkStackSize                            = 4194304                                   {product} {ergonomic}
   size_t MaxHeapSize                              = 2116026368                                {product} {ergonomic}
   size_t MaxNewSize                               = 1268776960                                {product} {ergonomic}
   size_t MinHeapDeltaBytes                        = 1048576                                   {product} {ergonomic}
   size_t MinHeapSize                              = 8388608                                   {product} {ergonomic}
    uintx NonNMethodCodeHeapSize                   = 5832780                                {pd product} {ergonomic}
    uintx NonProfiledCodeHeapSize                  = 122912730                              {pd product} {ergonomic}
    uintx ProfiledCodeHeapSize                     = 122912730                              {pd product} {ergonomic}
    uintx ReservedCodeCacheSize                    = 251658240                              {pd product} {ergonomic}
     bool SegmentedCodeCache                       = true                                      {product} {ergonomic}
     bool ShowCodeDetailsInExceptionMessages       = true                                   {manageable} {command line}
   size_t SoftMaxHeapSize                          = 2116026368                             {manageable} {ergonomic}
     bool UseCompressedClassPointers               = true                                 {lp64_product} {ergonomic}
     bool UseCompressedOops                        = true                                 {lp64_product} {ergonomic}
     bool UseG1GC                                  = true                                      {product} {ergonomic}
     bool UseLargePagesIndividualAllocation        = false                                  {pd product} {ergonomic}

Logging:
Log output configuration:
 #0: stdout all=warning uptime,level,tags
 #1: stderr all=off uptime,level,tags

Environment Variables:
PATH=C:/Program Files/Java/jdk-15.0.2/bin/server;C:/Program Files/Java/jdk-15.0.2/bin;C:/Program Files/Java/jdk-15.0.2/bin/server;C:/Program Files/Java/jdk-15.0.2/bin;C:/Program Files/Java/jdk-15.0.2/bin/server;C:/Program Files/Java/jdk-15.0.2/bin;C:/Program Files/Java/jdk-15.0.2/bin/server;C:/Program Files/Java/jdk-15.0.2/bin;C:\Program Files\Common Files\Oracle\Java\javapath;D:\c\mingw\mingw32\bin;C:\WINDOWS;C:\WINDOWS\System32\Wbem;C:\WINDOWS\System32\WindowsPowerShell\v1.0\;C:\WINDOWS\System32\OpenSSH\;D:\cmake-3.19.2-win64-x64\bin;C:\Program Files\Git\cmd;"C:\WINDOWS;";"C:\WINDOWS\system32;C:\Program Files\PostgreSQL\9.4\bin";C:\Windows\System32;C:\Program Files\PostgreSQL\13\bin;C:\Program Files\PostgreSQL\13\lib;;C:\WINDOWS\system32;C:\Users\admin\AppData\Local\Microsoft\WindowsApps;D:\Microsoft VS Code\bin;C:\MinGW\bin;C:\Program Files\Java\jdk-15.0.2\bin;;C:\WINDOWS\system32;;C:\WINDOWS\system32;;C:\WINDOWS\system32;;C:\WINDOWS\system32;
USERNAME=admin
OS=Windows_NT
PROCESSOR_IDENTIFIER=Intel64 Family 6 Model 69 Stepping 1, GenuineIntel



---------------  S Y S T E M  ---------------

OS:
 Windows 10 , 64 bit Build 19041 (10.0.19041.928)
OS uptime: 3 days 20:01 hours

CPU: total 4 (initial active 4) (2 cores per cpu, 2 threads per core) family 6 model 69 stepping 1 microcode 0x25, cmov, cx8, fxsr, mmx, sse, sse2, sse3, ssse3, sse4.1, sse4.2, popcnt, vzeroupper, avx, avx2, aes, clmul, erms, lzcnt, ht, tsc, tscinvbit, bmi1, bmi2, fma, clflush

Memory: 4k page, system-wide physical 8071M (1660M free)
TotalPageFile size 15654M (AvailPageFile size 4M)
current process WorkingSet (physical memory assigned to process): 136M, peak: 136M
current process commit charge ("private bytes"): 287M, peak: 287M

vm_info: Java HotSpot(TM) 64-Bit Server VM (15.0.2+7-27) for windows-amd64 JRE (15.0.2+7-27), built on Dec  7 2020 20:07:01 by "mach5one" with unknown MS VC++:1925

END.
