#
# There is insufficient memory for the Java Runtime Environment to continue.
# Native memory allocation (malloc) failed to allocate 32744 bytes for ChunkPool::allocate
# Possible reasons:
#   The system is out of physical RAM or swap space
#   The process is running with CompressedOops enabled, and the Java Heap may be blocking the growth of the native heap
# Possible solutions:
#   Reduce memory load on the system
#   Increase physical memory or swap space
#   Check if swap backing store is full
#   Decrease Java heap size (-Xmx/-Xms)
#   Decrease number of Java threads
#   Decrease Java thread stack sizes (-Xss)
#   Set larger code cache with -XX:ReservedCodeCacheSize=
#   JVM is running with Unscaled Compressed Oops mode in which the Java heap is
#     placed in the first 4GB address space. The Java Heap base address is the
#     maximum limit for the native heap growth. Please use -XX:HeapBaseMinAddress
#     to set the Java Heap base and to place the Java Heap above 4GB virtual address.
# This output file may be truncated or incomplete.
#
#  Out of Memory Error (./open/src/hotspot/share/memory/arena.cpp:79), pid=2188, tid=17852
#
# JRE version: Java(TM) SE Runtime Environment (15.0.2+7) (build 15.0.2+7-27)
# Java VM: Java HotSpot(TM) 64-Bit Server VM (15.0.2+7-27, mixed mode, sharing, tiered, compressed oops, g1 gc, windows-amd64)
# No core dump will be written. Minidumps are not enabled by default on client versions of Windows
#

---------------  S U M M A R Y ------------

Command Line: -Dfile.encoding=Cp1252 -XX:+ShowCodeDetailsInExceptionMessages hust.soict.globalict.aims.screen.StoreScreen

Host: Intel(R) Core(TM) i5-4300U CPU @ 1.90GHz, 4 cores, 7G,  Windows 10 , 64 bit Build 19041 (10.0.19041.928)
Time: Mon May 17 16:01:39 2021 SE Asia Standard Time elapsed time: 0.826155 seconds (0d 0h 0m 0s)

---------------  T H R E A D  ---------------

Current thread (0x000001ecfb454820):  JavaThread "C1 CompilerThread0" daemon [_thread_in_native, id=17852, stack(0x0000004988d00000,0x0000004988e00000)]


Current CompileTask:
C1:    826  784       3       java.net.URLStreamHandler::parseURL (1201 bytes)

Stack: [0x0000004988d00000,0x0000004988e00000]
Native frames: (J=compiled Java code, j=interpreted, Vv=VM code, C=native code)
V  [jvm.dll+0x62ae9a]
V  [jvm.dll+0x7817a9]
V  [jvm.dll+0x782f03]
V  [jvm.dll+0x783563]
V  [jvm.dll+0x216325]
V  [jvm.dll+0x982cf]
V  [jvm.dll+0x9861c]
V  [jvm.dll+0x1550a7]
V  [jvm.dll+0x154ea2]
V  [jvm.dll+0x153274]
V  [jvm.dll+0x15358a]
V  [jvm.dll+0x1564c4]
V  [jvm.dll+0x110065]
V  [jvm.dll+0x10f91f]
V  [jvm.dll+0x10fb54]
V  [jvm.dll+0x10ee92]
V  [jvm.dll+0x110d2c]
V  [jvm.dll+0x1f9225]
V  [jvm.dll+0x1f72cc]
V  [jvm.dll+0x74495d]
V  [jvm.dll+0x73d75a]
V  [jvm.dll+0x629c56]
C  [ucrtbase.dll+0x21bb2]
C  [KERNEL32.DLL+0x17034]
C  [ntdll.dll+0x52651]


---------------  P R O C E S S  ---------------

Threads class SMR info:
_java_thread_list=0x000001ecfc5c2680, length=15, elements={
0x000001ecdd21dca0, 0x000001ecfb42bb10, 0x000001ecfb42cc90, 0x000001ecfb445810,
0x000001ecfb4480e0, 0x000001ecfb449140, 0x000001ecfb452250, 0x000001ecfb454820,
0x000001ecfb454d30, 0x000001ecfbe729b0, 0x000001ecfbe83f80, 0x000001ecfc10ea60,
0x000001ecfc123370, 0x000001ecfc123840, 0x000001ecfc455f40
}

Java Threads: ( => current thread )
  0x000001ecdd21dca0 JavaThread "main" [_thread_in_vm, id=6724, stack(0x0000004988000000,0x0000004988100000)]
  0x000001ecfb42bb10 JavaThread "Reference Handler" daemon [_thread_blocked, id=2980, stack(0x0000004988700000,0x0000004988800000)]
  0x000001ecfb42cc90 JavaThread "Finalizer" daemon [_thread_blocked, id=2864, stack(0x0000004988800000,0x0000004988900000)]
  0x000001ecfb445810 JavaThread "Signal Dispatcher" daemon [_thread_blocked, id=18320, stack(0x0000004988900000,0x0000004988a00000)]
  0x000001ecfb4480e0 JavaThread "Attach Listener" daemon [_thread_blocked, id=10796, stack(0x0000004988a00000,0x0000004988b00000)]
  0x000001ecfb449140 JavaThread "Service Thread" daemon [_thread_blocked, id=11648, stack(0x0000004988b00000,0x0000004988c00000)]
  0x000001ecfb452250 JavaThread "C2 CompilerThread0" daemon [_thread_blocked, id=15968, stack(0x0000004988c00000,0x0000004988d00000)]
=>0x000001ecfb454820 JavaThread "C1 CompilerThread0" daemon [_thread_in_native, id=17852, stack(0x0000004988d00000,0x0000004988e00000)]
  0x000001ecfb454d30 JavaThread "Sweeper thread" daemon [_thread_blocked, id=18288, stack(0x0000004988e00000,0x0000004988f00000)]
  0x000001ecfbe729b0 JavaThread "Notification Thread" daemon [_thread_blocked, id=3448, stack(0x0000004988f00000,0x0000004989000000)]
  0x000001ecfbe83f80 JavaThread "Common-Cleaner" daemon [_thread_blocked, id=13084, stack(0x0000004989100000,0x0000004989200000)]
  0x000001ecfc10ea60 JavaThread "Java2D Disposer" daemon [_thread_blocked, id=15308, stack(0x0000004989300000,0x0000004989400000)]
  0x000001ecfc123370 JavaThread "AWT-Shutdown" [_thread_blocked, id=17608, stack(0x0000004989400000,0x0000004989500000)]
  0x000001ecfc123840 JavaThread "AWT-Windows" daemon [_thread_in_native, id=14328, stack(0x0000004989500000,0x0000004989600000)]
  0x000001ecfc455f40 JavaThread "QuantumRenderer-0" daemon [_thread_blocked, id=18412, stack(0x0000004989200000,0x0000004989300000)]

Other Threads:
  0x000001ecfb424cb0 VMThread "VM Thread" [stack: 0x0000004988600000,0x0000004988700000] [id=17684]
  0x000001ecfbe7b6d0 WatcherThread [stack: 0x0000004989000000,0x0000004989100000] [id=13580]
  0x000001ecdd260060 GCTaskThread "GC Thread#0" [stack: 0x0000004988100000,0x0000004988200000] [id=16752]
  0x000001ecdd2734c0 ConcurrentGCThread "G1 Main Marker" [stack: 0x0000004988200000,0x0000004988300000] [id=18092]
  0x000001ecdd273ec0 ConcurrentGCThread "G1 Conc#0" [stack: 0x0000004988300000,0x0000004988400000] [id=16156]
  0x000001ecdd2eb150 ConcurrentGCThread "G1 Refine#0" [stack: 0x0000004988400000,0x0000004988500000] [id=10404]
  0x000001ecdd2ed8c0 ConcurrentGCThread "G1 Young RemSet Sampling" [stack: 0x0000004988500000,0x0000004988600000] [id=17032]

Threads with active compile tasks:
C1 CompilerThread0      862  784       3       java.net.URLStreamHandler::parseURL (1201 bytes)

VM state: not at safepoint (normal execution)

VM Mutex/Monitor currently owned by a thread: None

Heap address: 0x0000000081e00000, size: 2018 MB, Compressed Oops mode: 32-bit
CDS archive(s) mapped at: [0x0000000800000000-0x0000000800b50000-0x0000000800b50000), size 11862016, SharedBaseAddress: 0x0000000800000000, ArchiveRelocationMode: 0.
Compressed class space mapped at: 0x0000000800b50000-0x0000000840b50000, size: 1073741824
Narrow klass base: 0x0000000800000000, Narrow klass shift: 3, Narrow klass range: 0x100000000

GC Precious Log:
 CPUs: 4 total, 4 available
 Memory: 8071M
 Large Page Support: Disabled
 NUMA Support: Disabled
 Compressed Oops: Enabled (32-bit)
 Heap Region Size: 1M
 Heap Min Capacity: 8M
 Heap Initial Capacity: 128M
 Heap Max Capacity: 2018M
 Pre-touch: Disabled
 Parallel Workers: 4
 Concurrent Workers: 1
 Concurrent Refinement Workers: 4
 Periodic GC: Disabled

Heap:
 garbage-first heap   total 131072K, used 9216K [0x0000000081e00000, 0x0000000100000000)
  region size 1024K, 10 young (10240K), 0 survivors (0K)
 Metaspace       used 6604K, capacity 6772K, committed 7040K, reserved 1056768K
  class space    used 728K, capacity 800K, committed 896K, reserved 1048576K

Heap Regions: E=young(eden), S=young(survivor), O=old, HS=humongous(starts), HC=humongous(continues), CS=collection set, F=free, OA=open archive, CA=closed archive, TAMS=top-at-mark-start (previous, next)
|   0|0x0000000081e00000, 0x0000000081e00000, 0x0000000081f00000|  0%| F|  |TAMS 0x0000000081e00000, 0x0000000081e00000| Untracked 
|   1|0x0000000081f00000, 0x0000000081f00000, 0x0000000082000000|  0%| F|  |TAMS 0x0000000081f00000, 0x0000000081f00000| Untracked 
|   2|0x0000000082000000, 0x0000000082000000, 0x0000000082100000|  0%| F|  |TAMS 0x0000000082000000, 0x0000000082000000| Untracked 
|   3|0x0000000082100000, 0x0000000082100000, 0x0000000082200000|  0%| F|  |TAMS 0x0000000082100000, 0x0000000082100000| Untracked 
|   4|0x0000000082200000, 0x0000000082200000, 0x0000000082300000|  0%| F|  |TAMS 0x0000000082200000, 0x0000000082200000| Untracked 
|   5|0x0000000082300000, 0x0000000082300000, 0x0000000082400000|  0%| F|  |TAMS 0x0000000082300000, 0x0000000082300000| Untracked 
|   6|0x0000000082400000, 0x0000000082400000, 0x0000000082500000|  0%| F|  |TAMS 0x0000000082400000, 0x0000000082400000| Untracked 
|   7|0x0000000082500000, 0x0000000082500000, 0x0000000082600000|  0%| F|  |TAMS 0x0000000082500000, 0x0000000082500000| Untracked 
|   8|0x0000000082600000, 0x0000000082600000, 0x0000000082700000|  0%| F|  |TAMS 0x0000000082600000, 0x0000000082600000| Untracked 
|   9|0x0000000082700000, 0x0000000082700000, 0x0000000082800000|  0%| F|  |TAMS 0x0000000082700000, 0x0000000082700000| Untracked 
|  10|0x0000000082800000, 0x0000000082800000, 0x0000000082900000|  0%| F|  |TAMS 0x0000000082800000, 0x0000000082800000| Untracked 
|  11|0x0000000082900000, 0x0000000082900000, 0x0000000082a00000|  0%| F|  |TAMS 0x0000000082900000, 0x0000000082900000| Untracked 
|  12|0x0000000082a00000, 0x0000000082a00000, 0x0000000082b00000|  0%| F|  |TAMS 0x0000000082a00000, 0x0000000082a00000| Untracked 
|  13|0x0000000082b00000, 0x0000000082b00000, 0x0000000082c00000|  0%| F|  |TAMS 0x0000000082b00000, 0x0000000082b00000| Untracked 
|  14|0x0000000082c00000, 0x0000000082c00000, 0x0000000082d00000|  0%| F|  |TAMS 0x0000000082c00000, 0x0000000082c00000| Untracked 
|  15|0x0000000082d00000, 0x0000000082d00000, 0x0000000082e00000|  0%| F|  |TAMS 0x0000000082d00000, 0x0000000082d00000| Untracked 
|  16|0x0000000082e00000, 0x0000000082e00000, 0x0000000082f00000|  0%| F|  |TAMS 0x0000000082e00000, 0x0000000082e00000| Untracked 
|  17|0x0000000082f00000, 0x0000000082f00000, 0x0000000083000000|  0%| F|  |TAMS 0x0000000082f00000, 0x0000000082f00000| Untracked 
|  18|0x0000000083000000, 0x0000000083000000, 0x0000000083100000|  0%| F|  |TAMS 0x0000000083000000, 0x0000000083000000| Untracked 
|  19|0x0000000083100000, 0x0000000083100000, 0x0000000083200000|  0%| F|  |TAMS 0x0000000083100000, 0x0000000083100000| Untracked 
|  20|0x0000000083200000, 0x0000000083200000, 0x0000000083300000|  0%| F|  |TAMS 0x0000000083200000, 0x0000000083200000| Untracked 
|  21|0x0000000083300000, 0x0000000083300000, 0x0000000083400000|  0%| F|  |TAMS 0x0000000083300000, 0x0000000083300000| Untracked 
|  22|0x0000000083400000, 0x0000000083400000, 0x0000000083500000|  0%| F|  |TAMS 0x0000000083400000, 0x0000000083400000| Untracked 
|  23|0x0000000083500000, 0x0000000083500000, 0x0000000083600000|  0%| F|  |TAMS 0x0000000083500000, 0x0000000083500000| Untracked 
|  24|0x0000000083600000, 0x0000000083600000, 0x0000000083700000|  0%| F|  |TAMS 0x0000000083600000, 0x0000000083600000| Untracked 
|  25|0x0000000083700000, 0x0000000083700000, 0x0000000083800000|  0%| F|  |TAMS 0x0000000083700000, 0x0000000083700000| Untracked 
|  26|0x0000000083800000, 0x0000000083800000, 0x0000000083900000|  0%| F|  |TAMS 0x0000000083800000, 0x0000000083800000| Untracked 
|  27|0x0000000083900000, 0x0000000083900000, 0x0000000083a00000|  0%| F|  |TAMS 0x0000000083900000, 0x0000000083900000| Untracked 
|  28|0x0000000083a00000, 0x0000000083a00000, 0x0000000083b00000|  0%| F|  |TAMS 0x0000000083a00000, 0x0000000083a00000| Untracked 
|  29|0x0000000083b00000, 0x0000000083b00000, 0x0000000083c00000|  0%| F|  |TAMS 0x0000000083b00000, 0x0000000083b00000| Untracked 
|  30|0x0000000083c00000, 0x0000000083c00000, 0x0000000083d00000|  0%| F|  |TAMS 0x0000000083c00000, 0x0000000083c00000| Untracked 
|  31|0x0000000083d00000, 0x0000000083d00000, 0x0000000083e00000|  0%| F|  |TAMS 0x0000000083d00000, 0x0000000083d00000| Untracked 
|  32|0x0000000083e00000, 0x0000000083e00000, 0x0000000083f00000|  0%| F|  |TAMS 0x0000000083e00000, 0x0000000083e00000| Untracked 
|  33|0x0000000083f00000, 0x0000000083f00000, 0x0000000084000000|  0%| F|  |TAMS 0x0000000083f00000, 0x0000000083f00000| Untracked 
|  34|0x0000000084000000, 0x0000000084000000, 0x0000000084100000|  0%| F|  |TAMS 0x0000000084000000, 0x0000000084000000| Untracked 
|  35|0x0000000084100000, 0x0000000084100000, 0x0000000084200000|  0%| F|  |TAMS 0x0000000084100000, 0x0000000084100000| Untracked 
|  36|0x0000000084200000, 0x0000000084200000, 0x0000000084300000|  0%| F|  |TAMS 0x0000000084200000, 0x0000000084200000| Untracked 
|  37|0x0000000084300000, 0x0000000084300000, 0x0000000084400000|  0%| F|  |TAMS 0x0000000084300000, 0x0000000084300000| Untracked 
|  38|0x0000000084400000, 0x0000000084400000, 0x0000000084500000|  0%| F|  |TAMS 0x0000000084400000, 0x0000000084400000| Untracked 
|  39|0x0000000084500000, 0x0000000084500000, 0x0000000084600000|  0%| F|  |TAMS 0x0000000084500000, 0x0000000084500000| Untracked 
|  40|0x0000000084600000, 0x0000000084600000, 0x0000000084700000|  0%| F|  |TAMS 0x0000000084600000, 0x0000000084600000| Untracked 
|  41|0x0000000084700000, 0x0000000084700000, 0x0000000084800000|  0%| F|  |TAMS 0x0000000084700000, 0x0000000084700000| Untracked 
|  42|0x0000000084800000, 0x0000000084800000, 0x0000000084900000|  0%| F|  |TAMS 0x0000000084800000, 0x0000000084800000| Untracked 
|  43|0x0000000084900000, 0x0000000084900000, 0x0000000084a00000|  0%| F|  |TAMS 0x0000000084900000, 0x0000000084900000| Untracked 
|  44|0x0000000084a00000, 0x0000000084a00000, 0x0000000084b00000|  0%| F|  |TAMS 0x0000000084a00000, 0x0000000084a00000| Untracked 
|  45|0x0000000084b00000, 0x0000000084b00000, 0x0000000084c00000|  0%| F|  |TAMS 0x0000000084b00000, 0x0000000084b00000| Untracked 
|  46|0x0000000084c00000, 0x0000000084c00000, 0x0000000084d00000|  0%| F|  |TAMS 0x0000000084c00000, 0x0000000084c00000| Untracked 
|  47|0x0000000084d00000, 0x0000000084d00000, 0x0000000084e00000|  0%| F|  |TAMS 0x0000000084d00000, 0x0000000084d00000| Untracked 
|  48|0x0000000084e00000, 0x0000000084e00000, 0x0000000084f00000|  0%| F|  |TAMS 0x0000000084e00000, 0x0000000084e00000| Untracked 
|  49|0x0000000084f00000, 0x0000000084f00000, 0x0000000085000000|  0%| F|  |TAMS 0x0000000084f00000, 0x0000000084f00000| Untracked 
|  50|0x0000000085000000, 0x0000000085000000, 0x0000000085100000|  0%| F|  |TAMS 0x0000000085000000, 0x0000000085000000| Untracked 
|  51|0x0000000085100000, 0x0000000085100000, 0x0000000085200000|  0%| F|  |TAMS 0x0000000085100000, 0x0000000085100000| Untracked 
|  52|0x0000000085200000, 0x0000000085200000, 0x0000000085300000|  0%| F|  |TAMS 0x0000000085200000, 0x0000000085200000| Untracked 
|  53|0x0000000085300000, 0x0000000085300000, 0x0000000085400000|  0%| F|  |TAMS 0x0000000085300000, 0x0000000085300000| Untracked 
|  54|0x0000000085400000, 0x0000000085400000, 0x0000000085500000|  0%| F|  |TAMS 0x0000000085400000, 0x0000000085400000| Untracked 
|  55|0x0000000085500000, 0x0000000085500000, 0x0000000085600000|  0%| F|  |TAMS 0x0000000085500000, 0x0000000085500000| Untracked 
|  56|0x0000000085600000, 0x0000000085600000, 0x0000000085700000|  0%| F|  |TAMS 0x0000000085600000, 0x0000000085600000| Untracked 
|  57|0x0000000085700000, 0x0000000085700000, 0x0000000085800000|  0%| F|  |TAMS 0x0000000085700000, 0x0000000085700000| Untracked 
|  58|0x0000000085800000, 0x0000000085800000, 0x0000000085900000|  0%| F|  |TAMS 0x0000000085800000, 0x0000000085800000| Untracked 
|  59|0x0000000085900000, 0x0000000085900000, 0x0000000085a00000|  0%| F|  |TAMS 0x0000000085900000, 0x0000000085900000| Untracked 
|  60|0x0000000085a00000, 0x0000000085a00000, 0x0000000085b00000|  0%| F|  |TAMS 0x0000000085a00000, 0x0000000085a00000| Untracked 
|  61|0x0000000085b00000, 0x0000000085b00000, 0x0000000085c00000|  0%| F|  |TAMS 0x0000000085b00000, 0x0000000085b00000| Untracked 
|  62|0x0000000085c00000, 0x0000000085c00000, 0x0000000085d00000|  0%| F|  |TAMS 0x0000000085c00000, 0x0000000085c00000| Untracked 
|  63|0x0000000085d00000, 0x0000000085d00000, 0x0000000085e00000|  0%| F|  |TAMS 0x0000000085d00000, 0x0000000085d00000| Untracked 
|  64|0x0000000085e00000, 0x0000000085e00000, 0x0000000085f00000|  0%| F|  |TAMS 0x0000000085e00000, 0x0000000085e00000| Untracked 
|  65|0x0000000085f00000, 0x0000000085f00000, 0x0000000086000000|  0%| F|  |TAMS 0x0000000085f00000, 0x0000000085f00000| Untracked 
|  66|0x0000000086000000, 0x0000000086000000, 0x0000000086100000|  0%| F|  |TAMS 0x0000000086000000, 0x0000000086000000| Untracked 
|  67|0x0000000086100000, 0x0000000086100000, 0x0000000086200000|  0%| F|  |TAMS 0x0000000086100000, 0x0000000086100000| Untracked 
|  68|0x0000000086200000, 0x0000000086200000, 0x0000000086300000|  0%| F|  |TAMS 0x0000000086200000, 0x0000000086200000| Untracked 
|  69|0x0000000086300000, 0x0000000086300000, 0x0000000086400000|  0%| F|  |TAMS 0x0000000086300000, 0x0000000086300000| Untracked 
|  70|0x0000000086400000, 0x0000000086400000, 0x0000000086500000|  0%| F|  |TAMS 0x0000000086400000, 0x0000000086400000| Untracked 
|  71|0x0000000086500000, 0x0000000086500000, 0x0000000086600000|  0%| F|  |TAMS 0x0000000086500000, 0x0000000086500000| Untracked 
|  72|0x0000000086600000, 0x0000000086600000, 0x0000000086700000|  0%| F|  |TAMS 0x0000000086600000, 0x0000000086600000| Untracked 
|  73|0x0000000086700000, 0x0000000086700000, 0x0000000086800000|  0%| F|  |TAMS 0x0000000086700000, 0x0000000086700000| Untracked 
|  74|0x0000000086800000, 0x0000000086800000, 0x0000000086900000|  0%| F|  |TAMS 0x0000000086800000, 0x0000000086800000| Untracked 
|  75|0x0000000086900000, 0x0000000086900000, 0x0000000086a00000|  0%| F|  |TAMS 0x0000000086900000, 0x0000000086900000| Untracked 
|  76|0x0000000086a00000, 0x0000000086a00000, 0x0000000086b00000|  0%| F|  |TAMS 0x0000000086a00000, 0x0000000086a00000| Untracked 
|  77|0x0000000086b00000, 0x0000000086b00000, 0x0000000086c00000|  0%| F|  |TAMS 0x0000000086b00000, 0x0000000086b00000| Untracked 
|  78|0x0000000086c00000, 0x0000000086c00000, 0x0000000086d00000|  0%| F|  |TAMS 0x0000000086c00000, 0x0000000086c00000| Untracked 
|  79|0x0000000086d00000, 0x0000000086d00000, 0x0000000086e00000|  0%| F|  |TAMS 0x0000000086d00000, 0x0000000086d00000| Untracked 
|  80|0x0000000086e00000, 0x0000000086e00000, 0x0000000086f00000|  0%| F|  |TAMS 0x0000000086e00000, 0x0000000086e00000| Untracked 
|  81|0x0000000086f00000, 0x0000000086f00000, 0x0000000087000000|  0%| F|  |TAMS 0x0000000086f00000, 0x0000000086f00000| Untracked 
|  82|0x0000000087000000, 0x0000000087000000, 0x0000000087100000|  0%| F|  |TAMS 0x0000000087000000, 0x0000000087000000| Untracked 
|  83|0x0000000087100000, 0x0000000087100000, 0x0000000087200000|  0%| F|  |TAMS 0x0000000087100000, 0x0000000087100000| Untracked 
|  84|0x0000000087200000, 0x0000000087200000, 0x0000000087300000|  0%| F|  |TAMS 0x0000000087200000, 0x0000000087200000| Untracked 
|  85|0x0000000087300000, 0x0000000087300000, 0x0000000087400000|  0%| F|  |TAMS 0x0000000087300000, 0x0000000087300000| Untracked 
|  86|0x0000000087400000, 0x0000000087400000, 0x0000000087500000|  0%| F|  |TAMS 0x0000000087400000, 0x0000000087400000| Untracked 
|  87|0x0000000087500000, 0x0000000087500000, 0x0000000087600000|  0%| F|  |TAMS 0x0000000087500000, 0x0000000087500000| Untracked 
|  88|0x0000000087600000, 0x0000000087600000, 0x0000000087700000|  0%| F|  |TAMS 0x0000000087600000, 0x0000000087600000| Untracked 
|  89|0x0000000087700000, 0x0000000087700000, 0x0000000087800000|  0%| F|  |TAMS 0x0000000087700000, 0x0000000087700000| Untracked 
|  90|0x0000000087800000, 0x0000000087800000, 0x0000000087900000|  0%| F|  |TAMS 0x0000000087800000, 0x0000000087800000| Untracked 
|  91|0x0000000087900000, 0x0000000087900000, 0x0000000087a00000|  0%| F|  |TAMS 0x0000000087900000, 0x0000000087900000| Untracked 
|  92|0x0000000087a00000, 0x0000000087a00000, 0x0000000087b00000|  0%| F|  |TAMS 0x0000000087a00000, 0x0000000087a00000| Untracked 
|  93|0x0000000087b00000, 0x0000000087b00000, 0x0000000087c00000|  0%| F|  |TAMS 0x0000000087b00000, 0x0000000087b00000| Untracked 
|  94|0x0000000087c00000, 0x0000000087c00000, 0x0000000087d00000|  0%| F|  |TAMS 0x0000000087c00000, 0x0000000087c00000| Untracked 
|  95|0x0000000087d00000, 0x0000000087d00000, 0x0000000087e00000|  0%| F|  |TAMS 0x0000000087d00000, 0x0000000087d00000| Untracked 
|  96|0x0000000087e00000, 0x0000000087e00000, 0x0000000087f00000|  0%| F|  |TAMS 0x0000000087e00000, 0x0000000087e00000| Untracked 
|  97|0x0000000087f00000, 0x0000000087f00000, 0x0000000088000000|  0%| F|  |TAMS 0x0000000087f00000, 0x0000000087f00000| Untracked 
|  98|0x0000000088000000, 0x0000000088000000, 0x0000000088100000|  0%| F|  |TAMS 0x0000000088000000, 0x0000000088000000| Untracked 
|  99|0x0000000088100000, 0x0000000088100000, 0x0000000088200000|  0%| F|  |TAMS 0x0000000088100000, 0x0000000088100000| Untracked 
| 100|0x0000000088200000, 0x0000000088200000, 0x0000000088300000|  0%| F|  |TAMS 0x0000000088200000, 0x0000000088200000| Untracked 
| 101|0x0000000088300000, 0x0000000088300000, 0x0000000088400000|  0%| F|  |TAMS 0x0000000088300000, 0x0000000088300000| Untracked 
| 102|0x0000000088400000, 0x0000000088400000, 0x0000000088500000|  0%| F|  |TAMS 0x0000000088400000, 0x0000000088400000| Untracked 
| 103|0x0000000088500000, 0x0000000088500000, 0x0000000088600000|  0%| F|  |TAMS 0x0000000088500000, 0x0000000088500000| Untracked 
| 104|0x0000000088600000, 0x0000000088600000, 0x0000000088700000|  0%| F|  |TAMS 0x0000000088600000, 0x0000000088600000| Untracked 
| 105|0x0000000088700000, 0x0000000088700000, 0x0000000088800000|  0%| F|  |TAMS 0x0000000088700000, 0x0000000088700000| Untracked 
| 106|0x0000000088800000, 0x0000000088800000, 0x0000000088900000|  0%| F|  |TAMS 0x0000000088800000, 0x0000000088800000| Untracked 
| 107|0x0000000088900000, 0x0000000088900000, 0x0000000088a00000|  0%| F|  |TAMS 0x0000000088900000, 0x0000000088900000| Untracked 
| 108|0x0000000088a00000, 0x0000000088a00000, 0x0000000088b00000|  0%| F|  |TAMS 0x0000000088a00000, 0x0000000088a00000| Untracked 
| 109|0x0000000088b00000, 0x0000000088b00000, 0x0000000088c00000|  0%| F|  |TAMS 0x0000000088b00000, 0x0000000088b00000| Untracked 
| 110|0x0000000088c00000, 0x0000000088c00000, 0x0000000088d00000|  0%| F|  |TAMS 0x0000000088c00000, 0x0000000088c00000| Untracked 
| 111|0x0000000088d00000, 0x0000000088d00000, 0x0000000088e00000|  0%| F|  |TAMS 0x0000000088d00000, 0x0000000088d00000| Untracked 
| 112|0x0000000088e00000, 0x0000000088e00000, 0x0000000088f00000|  0%| F|  |TAMS 0x0000000088e00000, 0x0000000088e00000| Untracked 
| 113|0x0000000088f00000, 0x0000000088f00000, 0x0000000089000000|  0%| F|  |TAMS 0x0000000088f00000, 0x0000000088f00000| Untracked 
| 114|0x0000000089000000, 0x0000000089000000, 0x0000000089100000|  0%| F|  |TAMS 0x0000000089000000, 0x0000000089000000| Untracked 
| 115|0x0000000089100000, 0x0000000089100000, 0x0000000089200000|  0%| F|  |TAMS 0x0000000089100000, 0x0000000089100000| Untracked 
| 116|0x0000000089200000, 0x0000000089200000, 0x0000000089300000|  0%| F|  |TAMS 0x0000000089200000, 0x0000000089200000| Untracked 
| 117|0x0000000089300000, 0x0000000089300000, 0x0000000089400000|  0%| F|  |TAMS 0x0000000089300000, 0x0000000089300000| Untracked 
| 118|0x0000000089400000, 0x0000000089500000, 0x0000000089500000|100%| E|  |TAMS 0x0000000089400000, 0x0000000089400000| Complete 
| 119|0x0000000089500000, 0x0000000089600000, 0x0000000089600000|100%| E|CS|TAMS 0x0000000089500000, 0x0000000089500000| Complete 
| 120|0x0000000089600000, 0x0000000089700000, 0x0000000089700000|100%| E|CS|TAMS 0x0000000089600000, 0x0000000089600000| Complete 
| 121|0x0000000089700000, 0x0000000089800000, 0x0000000089800000|100%| E|CS|TAMS 0x0000000089700000, 0x0000000089700000| Complete 
| 122|0x0000000089800000, 0x0000000089900000, 0x0000000089900000|100%| E|CS|TAMS 0x0000000089800000, 0x0000000089800000| Complete 
| 123|0x0000000089900000, 0x0000000089a00000, 0x0000000089a00000|100%| E|CS|TAMS 0x0000000089900000, 0x0000000089900000| Complete 
| 124|0x0000000089a00000, 0x0000000089b00000, 0x0000000089b00000|100%| E|CS|TAMS 0x0000000089a00000, 0x0000000089a00000| Complete 
| 125|0x0000000089b00000, 0x0000000089c00000, 0x0000000089c00000|100%| E|CS|TAMS 0x0000000089b00000, 0x0000000089b00000| Complete 
| 126|0x0000000089c00000, 0x0000000089d00000, 0x0000000089d00000|100%| E|CS|TAMS 0x0000000089c00000, 0x0000000089c00000| Complete 
| 127|0x0000000089d00000, 0x0000000089e00000, 0x0000000089e00000|100%| E|CS|TAMS 0x0000000089d00000, 0x0000000089d00000| Complete 

Card table byte_map: [0x000001ecf4860000,0x000001ecf4c60000] _byte_map_base: 0x000001ecf4451000

Marking Bits (Prev, Next): (CMBitMap*) 0x000001ecdd2616f0, (CMBitMap*) 0x000001ecdd261730
 Prev Bits: [0x000001ecf5060000, 0x000001ecf6fe8000)
 Next Bits: [0x000001ecf6ff0000, 0x000001ecf8f78000)

Polling page: 0x000001ecdca00000

Metaspace:

Usage:
  Non-class:      5.83 MB capacity,     5.74 MB ( 98%) used,    86.40 KB (  1%) free+waste,     9.31 KB ( <1%) overhead. 
      Class:    800.00 KB capacity,   728.59 KB ( 91%) used,    67.04 KB (  8%) free+waste,     4.38 KB ( <1%) overhead. 
       Both:      6.61 MB capacity,     6.45 MB ( 98%) used,   153.44 KB (  2%) free+waste,    13.69 KB ( <1%) overhead. 

Virtual space:
  Non-class space:        8.00 MB reserved,       6.00 MB ( 75%) committed 
      Class space:        1.00 GB reserved,     896.00 KB ( <1%) committed 
             Both:        1.01 GB reserved,       6.88 MB ( <1%) committed 

Chunk freelists:
   Non-Class:  44.00 KB
       Class:  0 bytes
        Both:  44.00 KB

MaxMetaspaceSize: 17179869184.00 GB
CompressedClassSpaceSize: 1.00 GB

CodeHeap 'non-profiled nmethods': size=120000Kb used=236Kb max_used=236Kb free=119763Kb
 bounds [0x000001ececf30000, 0x000001eced1a0000, 0x000001ecf4460000]
CodeHeap 'profiled nmethods': size=120000Kb used=1193Kb max_used=1193Kb free=118806Kb
 bounds [0x000001ece5a00000, 0x000001ece5c70000, 0x000001ececf30000]
CodeHeap 'non-nmethods': size=5760Kb used=1243Kb max_used=1255Kb free=4516Kb
 bounds [0x000001ece5460000, 0x000001ece56d0000, 0x000001ece5a00000]
 total_blobs=1304 nmethods=781 adapters=436
 compilation: enabled
              stopped_count=0, restarted_count=0
 full_count=0

Compilation events (20 events):
Event: 0.806 Thread 0x000001ecfb454820 nmethod 770 0x000001ece5b24210 code [0x000001ece5b243c0, 0x000001ece5b24698]
Event: 0.806 Thread 0x000001ecfb454820  771       3       java.lang.reflect.AccessibleObject::<init> (5 bytes)
Event: 0.806 Thread 0x000001ecfb454820 nmethod 771 0x000001ece5b24790 code [0x000001ece5b24920, 0x000001ece5b24a78]
Event: 0.806 Thread 0x000001ecfb454820  772       3       java.lang.reflect.Executable::<init> (5 bytes)
Event: 0.806 Thread 0x000001ecfb454820 nmethod 772 0x000001ece5b24b10 code [0x000001ece5b24cc0, 0x000001ece5b24e78]
Event: 0.806 Thread 0x000001ecfb454820  773       1       java.lang.reflect.Method::getModifiers (5 bytes)
Event: 0.806 Thread 0x000001ecfb454820 nmethod 773 0x000001ececf6a890 code [0x000001ececf6aa20, 0x000001ececf6aad8]
Event: 0.807 Thread 0x000001ecfb454820  774   !   3       java.util.zip.InflaterInputStream::read (138 bytes)
Event: 0.808 Thread 0x000001ecfb454820 nmethod 774 0x000001ece5b24f90 code [0x000001ece5b25240, 0x000001ece5b25f38]
Event: 0.808 Thread 0x000001ecfb454820  777       3       sun.invoke.util.VerifyAccess::isTypeVisible (47 bytes)
Event: 0.808 Thread 0x000001ecfb454820 nmethod 777 0x000001ece5b26510 code [0x000001ece5b266e0, 0x000001ece5b26ab8]
Event: 0.808 Thread 0x000001ecfb454820  775       3       java.util.zip.InflaterInputStream::ensureOpen (18 bytes)
Event: 0.809 Thread 0x000001ecfb454820 nmethod 775 0x000001ece5b26c90 code [0x000001ece5b26e40, 0x000001ece5b27048]
Event: 0.809 Thread 0x000001ecfb454820  779       3       java.lang.invoke.LambdaFormEditor$TransformKey::<init> (15 bytes)
Event: 0.809 Thread 0x000001ecfb454820 nmethod 779 0x000001ece5b27110 code [0x000001ece5b272a0, 0x000001ece5b27438]
Event: 0.809 Thread 0x000001ecfb454820  778       3       java.lang.Class::descriptorString (160 bytes)
Event: 0.810 Thread 0x000001ecfb454820 nmethod 778 0x000001ece5b27510 code [0x000001ece5b279a0, 0x000001ece5b29348]
Event: 0.810 Thread 0x000001ecfb454820  781       3       jdk.internal.org.objectweb.asm.ClassReader::readUtf (161 bytes)
Event: 0.810 Thread 0x000001ecfb454820 nmethod 781 0x000001ece5b29c10 code [0x000001ece5b29de0, 0x000001ece5b2a248]
Event: 0.810 Thread 0x000001ecfb454820  784       3       java.net.URLStreamHandler::parseURL (1201 bytes)

GC Heap History (0 events):
No events

Deoptimization events (6 events):
Event: 0.162 Thread 0x000001ecdd21dca0 Uncommon trap: trap_request=0xffffff45 fr.pc=0x000001ececf344c0 relative=0x0000000000000220
Event: 0.162 Thread 0x000001ecdd21dca0 Uncommon trap: reason=unstable_if action=reinterpret pc=0x000001ececf344c0 method=java.lang.String.hashCode()I @ 13 c2
Event: 0.162 Thread 0x000001ecdd21dca0 DEOPT PACKING pc=0x000001ececf344c0 sp=0x00000049880fd520
Event: 0.162 Thread 0x000001ecdd21dca0 DEOPT UNPACKING pc=0x000001ece54ae42f sp=0x00000049880fd4b8 mode 2
Event: 0.719 Thread 0x000001ecdd21dca0 DEOPT PACKING pc=0x000001ece5a51ddf sp=0x00000049880fad00
Event: 0.719 Thread 0x000001ecdd21dca0 DEOPT UNPACKING pc=0x000001ece54ae23f sp=0x00000049880fa150 mode 0

Classes unloaded (0 events):
No events

Classes redefined (0 events):
No events

Internal exceptions (15 events):
Event: 0.115 Thread 0x000001ecdd21dca0 Exception <a 'java/lang/NoSuchMethodError'{0x0000000089c03e08}: 'void java.lang.invoke.DirectMethodHandle$Holder.invokeSpecial(java.lang.Object, java.lang.Object, java.lang.Object)'> (0x0000000089c03e08) 
thrown [./open/src/hotspot/share/interpreter/linkResolver.cpp, line 782]
Event: 0.163 Thread 0x000001ecdd21dca0 Exception <a 'java/lang/ClassNotFoundException'{0x0000000089ce2e88}: sun/awt/resources/spi/awtProvider> (0x0000000089ce2e88) 
thrown [./open/src/hotspot/share/classfile/systemDictionary.cpp, line 295]
Event: 0.202 Thread 0x000001ecdd21dca0 Exception <a 'java/io/FileNotFoundException'{0x0000000089b3ef58}> (0x0000000089b3ef58) 
thrown [./open/src/hotspot/share/prims/jni.cpp, line 578]
Event: 0.218 Thread 0x000001ecdd21dca0 Exception <a 'java/io/FileNotFoundException'{0x0000000089b6dc08}> (0x0000000089b6dc08) 
thrown [./open/src/hotspot/share/prims/jni.cpp, line 578]
Event: 0.218 Thread 0x000001ecdd21dca0 Exception <a 'java/lang/NoSuchMethodError'{0x0000000089b6ee00}: 'java.lang.Object java.lang.invoke.DirectMethodHandle$Holder.invokeStatic(java.lang.Object)'> (0x0000000089b6ee00) 
thrown [./open/src/hotspot/share/interpreter/linkResolver.cpp, line 782]
Event: 0.323 Thread 0x000001ecdd21dca0 Exception <a 'java/lang/NoSuchMethodError'{0x0000000089ac30c8}: 'java.lang.Object java.lang.invoke.DirectMethodHandle$Holder.invokeStaticInit(java.lang.Object)'> (0x0000000089ac30c8) 
thrown [./open/src/hotspot/share/interpreter/linkResolver.cpp, line 782]
Event: 0.385 Thread 0x000001ecdd21dca0 Exception <a 'java/lang/NoSuchMethodError'{0x0000000089978838}: 'java.lang.Object java.lang.invoke.DirectMethodHandle$Holder.newInvokeSpecial(java.lang.Object, java.lang.Object, java.lang.Object, java.lang.Object, java.lang.Object)'> (0x0000000089978838) 
thrown [./open/src/hotspot/share/interpreter/linkResolver.cpp, line 782]
Event: 0.388 Thread 0x000001ecdd21dca0 Exception <a 'java/lang/NoSuchMethodError'{0x00000000899842c8}: 'java.lang.Object java.lang.invoke.DirectMethodHandle$Holder.invokeStatic(java.lang.Object, int, java.lang.Object, java.lang.Object, java.lang.Object, java.lang.Object)'> (0x00000000899842c8) 
thrown [./open/src/hotspot/share/interpreter/linkResolver.cpp, line 782]
Event: 0.396 Thread 0x000001ecdd21dca0 Exception <a 'java/lang/NoSuchMethodError'{0x00000000899aa788}: 'java.lang.Object java.lang.invoke.DirectMethodHandle$Holder.invokeStatic(java.lang.Object, int, java.lang.Object)'> (0x00000000899aa788) 
thrown [./open/src/hotspot/share/interpreter/linkResolver.cpp, line 782]
Event: 0.455 Thread 0x000001ecdd21dca0 Exception <a 'java/lang/ClassNotFoundException'{0x0000000089863500}: com/sun/swing/internal/plaf/metal/resources/spi/metalProvider> (0x0000000089863500) 
thrown [./open/src/hotspot/share/classfile/systemDictionary.cpp, line 295]
Event: 0.456 Thread 0x000001ecdd21dca0 Exception <a 'java/lang/ClassNotFoundException'{0x00000000898677c0}: com/sun/swing/internal/plaf/basic/resources/spi/basicProvider> (0x00000000898677c0) 
thrown [./open/src/hotspot/share/classfile/systemDictionary.cpp, line 295]
Event: 0.537 Thread 0x000001ecdd21dca0 Exception <a 'java/lang/ClassNotFoundException'{0x000000008978f2c8}: sun/util/logging/resources/spi/loggingProvider> (0x000000008978f2c8) 
thrown [./open/src/hotspot/share/classfile/systemDictionary.cpp, line 295]
Event: 0.758 Thread 0x000001ecdd21dca0 Exception <a 'java/lang/NoSuchMethodError'{0x00000000895a6a58}: 'void java.lang.invoke.DirectMethodHandle$Holder.invokeStatic(java.lang.Object, java.lang.Object, java.lang.Object)'> (0x00000000895a6a58) 
thrown [./open/src/hotspot/share/interpreter/linkResolver.cpp, line 782]
Event: 0.808 Thread 0x000001ecdd21dca0 Exception <a 'java/lang/NoSuchMethodError'{0x00000000895c2310}: 'int java.lang.invoke.DirectMethodHandle$Holder.invokeStaticInit(java.lang.Object, java.lang.Object, java.lang.Object)'> (0x00000000895c2310) 
thrown [./open/src/hotspot/share/interpreter/linkResolver.cpp, line 782]
Event: 0.809 Thread 0x000001ecdd21dca0 Exception <a 'java/lang/NoSuchMethodError'{0x0000000089449b08}: 'void java.lang.invoke.DirectMethodHandle$Holder.invokeStatic(java.lang.Object, java.lang.Object)'> (0x0000000089449b08) 
thrown [./open/src/hotspot/share/interpreter/linkResolver.cpp, line 782]

Events (20 events):
Event: 0.756 loading class java/util/concurrent/Executors done
Event: 0.756 loading class java/util/concurrent/Executors$DefaultThreadFactory
Event: 0.756 loading class java/util/concurrent/Executors$DefaultThreadFactory done
Event: 0.757 loading class java/util/concurrent/ThreadPoolExecutor$Worker
Event: 0.757 loading class java/util/concurrent/ThreadPoolExecutor$Worker done
Event: 0.759 loading class java/lang/Thread$State
Event: 0.759 loading class java/lang/Thread$State done
Event: 0.759 Thread 0x000001ecfc455f40 Thread added: 0x000001ecfc455f40
Event: 0.759 loading class java/util/concurrent/locks/AbstractQueuedSynchronizer$SharedNode
Event: 0.759 loading class java/util/concurrent/locks/AbstractQueuedSynchronizer$Node
Event: 0.759 loading class java/util/concurrent/locks/AbstractQueuedSynchronizer$Node done
Event: 0.759 loading class java/util/concurrent/locks/AbstractQueuedSynchronizer$SharedNode done
Event: 0.759 loading class java/util/concurrent/locks/AbstractQueuedSynchronizer$ExclusiveNode
Event: 0.759 loading class java/util/concurrent/locks/AbstractQueuedSynchronizer$ExclusiveNode done
Event: 0.766 Loaded shared library D:\javafx\javafx-sdk-16\bin\prism_d3d.dll
Event: 0.803 Loaded shared library D:\javafx\javafx-sdk-16\bin\prism_sw.dll
Event: 0.805 loading class java/util/concurrent/locks/AbstractQueuedSynchronizer$ConditionNode
Event: 0.805 loading class java/util/concurrent/ForkJoinPool$ManagedBlocker
Event: 0.805 loading class java/util/concurrent/ForkJoinPool$ManagedBlocker done
Event: 0.805 loading class java/util/concurrent/locks/AbstractQueuedSynchronizer$ConditionNode done


Dynamic libraries:
0x00007ff6c5ba0000 - 0x00007ff6c5baf000 	C:\Program Files\Java\jdk-15.0.2\bin\javaw.exe
0x00007ffd25370000 - 0x00007ffd25565000 	C:\WINDOWS\SYSTEM32\ntdll.dll
0x00007ffd24b20000 - 0x00007ffd24bdd000 	C:\WINDOWS\System32\KERNEL32.DLL
0x00007ffd23100000 - 0x00007ffd233c8000 	C:\WINDOWS\System32\KERNELBASE.dll
0x00007ffd22ab0000 - 0x00007ffd22bb0000 	C:\WINDOWS\System32\ucrtbase.dll
0x00007ffd01e70000 - 0x00007ffd01e89000 	C:\Program Files\Java\jdk-15.0.2\bin\VCRUNTIME140.dll
0x00007ffd05540000 - 0x00007ffd05558000 	C:\Program Files\Java\jdk-15.0.2\bin\jli.dll
0x00007ffd24050000 - 0x00007ffd240fc000 	C:\WINDOWS\System32\ADVAPI32.dll
0x00007ffd24400000 - 0x00007ffd2449e000 	C:\WINDOWS\System32\msvcrt.dll
0x00007ffd23c00000 - 0x00007ffd23c9b000 	C:\WINDOWS\System32\sechost.dll
0x00007ffd24690000 - 0x00007ffd247bb000 	C:\WINDOWS\System32\RPCRT4.dll
0x00007ffd233d0000 - 0x00007ffd23570000 	C:\WINDOWS\System32\USER32.dll
0x00007ffd126f0000 - 0x00007ffd1298a000 	C:\WINDOWS\WinSxS\amd64_microsoft.windows.common-controls_6595b64144ccf1df_6.0.19041.844_none_ca00b6081b84eb1d\COMCTL32.dll
0x00007ffd22ee0000 - 0x00007ffd22f02000 	C:\WINDOWS\System32\win32u.dll
0x00007ffd24370000 - 0x00007ffd2439a000 	C:\WINDOWS\System32\GDI32.dll
0x00007ffd22f10000 - 0x00007ffd2301b000 	C:\WINDOWS\System32\gdi32full.dll
0x00007ffd12220000 - 0x00007ffd1222a000 	C:\WINDOWS\SYSTEM32\VERSION.dll
0x00007ffd22c90000 - 0x00007ffd22d2d000 	C:\WINDOWS\System32\msvcp_win.dll
0x00007ffd24110000 - 0x00007ffd24140000 	C:\WINDOWS\System32\IMM32.DLL
0x00007ffd12410000 - 0x00007ffd1241c000 	C:\Program Files\Java\jdk-15.0.2\bin\vcruntime140_1.dll
0x00007ffcfc660000 - 0x00007ffcfc6f1000 	C:\Program Files\Java\jdk-15.0.2\bin\msvcp140.dll
0x00007ffce15a0000 - 0x00007ffce20fe000 	C:\Program Files\Java\jdk-15.0.2\bin\server\jvm.dll
0x00007ffd239e0000 - 0x00007ffd239e8000 	C:\WINDOWS\System32\PSAPI.DLL
0x00007ffd04710000 - 0x00007ffd04719000 	C:\WINDOWS\SYSTEM32\WSOCK32.dll
0x00007ffd115b0000 - 0x00007ffd115d7000 	C:\WINDOWS\SYSTEM32\WINMM.dll
0x00007ffd24300000 - 0x00007ffd2436b000 	C:\WINDOWS\System32\WS2_32.dll
0x00007ffd21380000 - 0x00007ffd21392000 	C:\WINDOWS\SYSTEM32\kernel.appcore.dll
0x00007ffd1cd60000 - 0x00007ffd1cd6a000 	C:\Program Files\Java\jdk-15.0.2\bin\jimage.dll
0x00007ffd10820000 - 0x00007ffd10a04000 	C:\WINDOWS\SYSTEM32\DBGHELP.DLL
0x00007ffd107f0000 - 0x00007ffd1081c000 	C:\WINDOWS\SYSTEM32\dbgcore.DLL
0x00007ffd22c10000 - 0x00007ffd22c90000 	C:\WINDOWS\System32\bcryptPrimitives.dll
0x00007ffcfb970000 - 0x00007ffcfb995000 	C:\Program Files\Java\jdk-15.0.2\bin\java.dll
0x00007ffd24be0000 - 0x00007ffd25322000 	C:\WINDOWS\System32\SHELL32.dll
0x00007ffd20be0000 - 0x00007ffd21370000 	C:\WINDOWS\SYSTEM32\windows.storage.dll
0x00007ffd247c0000 - 0x00007ffd24b15000 	C:\WINDOWS\System32\combase.dll
0x00007ffd22520000 - 0x00007ffd2254c000 	C:\WINDOWS\SYSTEM32\Wldp.dll
0x00007ffd23af0000 - 0x00007ffd23b9e000 	C:\WINDOWS\System32\SHCORE.dll
0x00007ffd23ff0000 - 0x00007ffd24045000 	C:\WINDOWS\System32\shlwapi.dll
0x00007ffd229f0000 - 0x00007ffd22a0f000 	C:\WINDOWS\SYSTEM32\profapi.dll
0x00007ffd01e10000 - 0x00007ffd01e29000 	C:\Program Files\Java\jdk-15.0.2\bin\net.dll
0x00007ffd14740000 - 0x00007ffd1484b000 	C:\WINDOWS\SYSTEM32\WINHTTP.dll
0x00007ffd22290000 - 0x00007ffd222fa000 	C:\WINDOWS\system32\mswsock.dll
0x00007ffd01cb0000 - 0x00007ffd01cc2000 	C:\Program Files\Java\jdk-15.0.2\bin\nio.dll
0x00007ffcfd9d0000 - 0x00007ffcfd9e8000 	C:\Program Files\Java\jdk-15.0.2\bin\zip.dll
0x00007ffcfbed0000 - 0x00007ffcfc050000 	C:\Program Files\Java\jdk-15.0.2\bin\awt.dll
0x00007ffd244a0000 - 0x00007ffd2456d000 	C:\WINDOWS\System32\OLEAUT32.dll
0x00007ffd1f8a0000 - 0x00007ffd1f930000 	C:\WINDOWS\SYSTEM32\apphelp.dll
0x00007ffd1fb60000 - 0x00007ffd1fb8f000 	C:\WINDOWS\system32\DWMAPI.DLL
0x00007ffd1f9e0000 - 0x00007ffd1fa7e000 	C:\WINDOWS\system32\uxtheme.dll
0x00007ffd07ed0000 - 0x00007ffd07ff6000 	C:\WINDOWS\system32\opengl32.dll
0x00007ffd07ea0000 - 0x00007ffd07ecc000 	C:\WINDOWS\SYSTEM32\GLU32.dll
0x00007ffd24570000 - 0x00007ffd24685000 	C:\WINDOWS\System32\MSCTF.dll
0x00007ffd241d0000 - 0x00007ffd242fa000 	C:\WINDOWS\System32\ole32.dll
0x000001ecfd010000 - 0x000001ecfd013000 	D:\javafx\javafx-sdk-16\bin\api-ms-win-core-console-l1-1-0.dll
0x000001ecfd020000 - 0x000001ecfd023000 	D:\javafx\javafx-sdk-16\bin\api-ms-win-core-console-l1-2-0.dll
0x000001ecfd030000 - 0x000001ecfd033000 	D:\javafx\javafx-sdk-16\bin\api-ms-win-core-datetime-l1-1-0.dll
0x000001ecfd040000 - 0x000001ecfd043000 	D:\javafx\javafx-sdk-16\bin\api-ms-win-core-debug-l1-1-0.dll
0x000001ecfd050000 - 0x000001ecfd053000 	D:\javafx\javafx-sdk-16\bin\api-ms-win-core-errorhandling-l1-1-0.dll
0x000001ecfd060000 - 0x000001ecfd064000 	D:\javafx\javafx-sdk-16\bin\api-ms-win-core-file-l1-1-0.dll
0x000001ecfd070000 - 0x000001ecfd073000 	D:\javafx\javafx-sdk-16\bin\api-ms-win-core-file-l1-2-0.dll
0x000001ecfd080000 - 0x000001ecfd083000 	D:\javafx\javafx-sdk-16\bin\api-ms-win-core-file-l2-1-0.dll
0x000001ecfd090000 - 0x000001ecfd093000 	D:\javafx\javafx-sdk-16\bin\api-ms-win-core-handle-l1-1-0.dll
0x000001ecfd0a0000 - 0x000001ecfd0a3000 	D:\javafx\javafx-sdk-16\bin\api-ms-win-core-heap-l1-1-0.dll
0x000001ecfd0b0000 - 0x000001ecfd0b3000 	D:\javafx\javafx-sdk-16\bin\api-ms-win-core-interlocked-l1-1-0.dll
0x000001ecfd0c0000 - 0x000001ecfd0c3000 	D:\javafx\javafx-sdk-16\bin\api-ms-win-core-libraryloader-l1-1-0.dll
0x000001ecfd0d0000 - 0x000001ecfd0d3000 	D:\javafx\javafx-sdk-16\bin\api-ms-win-core-localization-l1-2-0.dll
0x000001ecfd0e0000 - 0x000001ecfd0e3000 	D:\javafx\javafx-sdk-16\bin\api-ms-win-core-memory-l1-1-0.dll
0x000001ecfd0f0000 - 0x000001ecfd0f3000 	D:\javafx\javafx-sdk-16\bin\api-ms-win-core-namedpipe-l1-1-0.dll
0x000001ecfd100000 - 0x000001ecfd103000 	D:\javafx\javafx-sdk-16\bin\api-ms-win-core-processenvironment-l1-1-0.dll
0x000001ecfd110000 - 0x000001ecfd113000 	D:\javafx\javafx-sdk-16\bin\api-ms-win-core-processthreads-l1-1-0.dll
0x000001ecfd120000 - 0x000001ecfd123000 	D:\javafx\javafx-sdk-16\bin\api-ms-win-core-processthreads-l1-1-1.dll
0x000001ecfd130000 - 0x000001ecfd133000 	D:\javafx\javafx-sdk-16\bin\api-ms-win-core-profile-l1-1-0.dll
0x000001ecfd140000 - 0x000001ecfd143000 	D:\javafx\javafx-sdk-16\bin\api-ms-win-core-rtlsupport-l1-1-0.dll
0x000001ecfd150000 - 0x000001ecfd153000 	D:\javafx\javafx-sdk-16\bin\api-ms-win-core-string-l1-1-0.dll
0x000001ecfd160000 - 0x000001ecfd163000 	D:\javafx\javafx-sdk-16\bin\api-ms-win-core-synch-l1-1-0.dll
0x000001ecfd170000 - 0x000001ecfd173000 	D:\javafx\javafx-sdk-16\bin\api-ms-win-core-synch-l1-2-0.dll
0x000001ecfd180000 - 0x000001ecfd183000 	D:\javafx\javafx-sdk-16\bin\api-ms-win-core-sysinfo-l1-1-0.dll
0x000001ecfd190000 - 0x000001ecfd193000 	D:\javafx\javafx-sdk-16\bin\api-ms-win-core-timezone-l1-1-0.dll
0x000001ecfd1a0000 - 0x000001ecfd1a3000 	D:\javafx\javafx-sdk-16\bin\api-ms-win-core-util-l1-1-0.dll
0x000001ecfd1b0000 - 0x000001ecfd1b3000 	D:\javafx\javafx-sdk-16\bin\api-ms-win-crt-conio-l1-1-0.dll
0x000001ecfd1c0000 - 0x000001ecfd1c4000 	D:\javafx\javafx-sdk-16\bin\api-ms-win-crt-convert-l1-1-0.dll
0x000001ecfd1d0000 - 0x000001ecfd1d3000 	D:\javafx\javafx-sdk-16\bin\api-ms-win-crt-environment-l1-1-0.dll
0x000001ecfd1e0000 - 0x000001ecfd1e3000 	D:\javafx\javafx-sdk-16\bin\api-ms-win-crt-filesystem-l1-1-0.dll
0x000001ecfd1f0000 - 0x000001ecfd1f3000 	D:\javafx\javafx-sdk-16\bin\api-ms-win-crt-heap-l1-1-0.dll
0x000001ecfd200000 - 0x000001ecfd203000 	D:\javafx\javafx-sdk-16\bin\api-ms-win-crt-locale-l1-1-0.dll
0x000001ecfd210000 - 0x000001ecfd215000 	D:\javafx\javafx-sdk-16\bin\api-ms-win-crt-math-l1-1-0.dll
0x000001ecfd220000 - 0x000001ecfd225000 	D:\javafx\javafx-sdk-16\bin\api-ms-win-crt-multibyte-l1-1-0.dll
0x000001ecfd230000 - 0x000001ecfd240000 	D:\javafx\javafx-sdk-16\bin\api-ms-win-crt-private-l1-1-0.dll
0x000001ecfd240000 - 0x000001ecfd243000 	D:\javafx\javafx-sdk-16\bin\api-ms-win-crt-process-l1-1-0.dll
0x000001ecfd250000 - 0x000001ecfd254000 	D:\javafx\javafx-sdk-16\bin\api-ms-win-crt-runtime-l1-1-0.dll
0x000001ecfd260000 - 0x000001ecfd264000 	D:\javafx\javafx-sdk-16\bin\api-ms-win-crt-stdio-l1-1-0.dll
0x000001ecfd270000 - 0x000001ecfd274000 	D:\javafx\javafx-sdk-16\bin\api-ms-win-crt-string-l1-1-0.dll
0x000001ecfd280000 - 0x000001ecfd283000 	D:\javafx\javafx-sdk-16\bin\api-ms-win-crt-time-l1-1-0.dll
0x000001ecfd290000 - 0x000001ecfd293000 	D:\javafx\javafx-sdk-16\bin\api-ms-win-crt-utility-l1-1-0.dll
0x00007ffcf1f60000 - 0x00007ffcf205c000 	D:\javafx\javafx-sdk-16\bin\ucrtbase.dll
0x00007ffd01df0000 - 0x00007ffd01e09000 	D:\javafx\javafx-sdk-16\bin\vcruntime140.dll
0x00007ffd11900000 - 0x00007ffd1190c000 	D:\javafx\javafx-sdk-16\bin\vcruntime140_1.dll
0x00007ffcfbe30000 - 0x00007ffcfbec1000 	D:\javafx\javafx-sdk-16\bin\msvcp140.dll
0x00007ffd01d00000 - 0x00007ffd01d27000 	D:\javafx\javafx-sdk-16\bin\prism_d3d.dll
0x00007ffcfad80000 - 0x00007ffcfaf4e000 	C:\WINDOWS\system32\d3d9.dll
0x00007ffd1b160000 - 0x00007ffd1b172000 	D:\javafx\javafx-sdk-16\bin\prism_sw.dll

dbghelp: loaded successfully - version: 4.0.5 - missing functions: none
symbol engine: initialized successfully - sym options: 0x614 - pdb path: .;C:\Program Files\Java\jdk-15.0.2\bin;C:\WINDOWS\SYSTEM32;C:\WINDOWS\WinSxS\amd64_microsoft.windows.common-controls_6595b64144ccf1df_6.0.19041.844_none_ca00b6081b84eb1d;C:\Program Files\Java\jdk-15.0.2\bin\server;D:\javafx\javafx-sdk-16\bin

VM Arguments:
jvm_args: -Dfile.encoding=Cp1252 -XX:+ShowCodeDetailsInExceptionMessages 
java_command: hust.soict.globalict.aims.screen.StoreScreen
java_class_path (initial): C:\Users\admin\Desktop\OOLT.ICT.20202.20184332.NguyenTrinhVu\lab10\AimsProject2\bin;D:\javafx\javafx-sdk-16\lib\javafx.base.jar;D:\javafx\javafx-sdk-16\lib\javafx.controls.jar;D:\javafx\javafx-sdk-16\lib\javafx.fxml.jar;D:\javafx\javafx-sdk-16\lib\javafx.graphics.jar;D:\javafx\javafx-sdk-16\lib\javafx.media.jar;D:\javafx\javafx-sdk-16\lib\javafx.swing.jar;D:\javafx\javafx-sdk-16\lib\javafx.web.jar;D:\javafx\javafx-sdk-16\lib\javafx-swt.jar
Launcher Type: SUN_STANDARD

[Global flags]
     intx CICompilerCount                          = 3                                         {product} {ergonomic}
     uint ConcGCThreads                            = 1                                         {product} {ergonomic}
     uint G1ConcRefinementThreads                  = 4                                         {product} {ergonomic}
   size_t G1HeapRegionSize                         = 1048576                                   {product} {ergonomic}
    uintx GCDrainStackTargetSize                   = 64                                        {product} {ergonomic}
   size_t InitialHeapSize                          = 134217728                                 {product} {ergonomic}
   size_t MarkStackSize                            = 4194304                                   {product} {ergonomic}
   size_t MaxHeapSize                              = 2116026368                                {product} {ergonomic}
   size_t MaxNewSize                               = 1268776960                                {product} {ergonomic}
   size_t MinHeapDeltaBytes                        = 1048576                                   {product} {ergonomic}
   size_t MinHeapSize                              = 8388608                                   {product} {ergonomic}
    uintx NonNMethodCodeHeapSize                   = 5832780                                {pd product} {ergonomic}
    uintx NonProfiledCodeHeapSize                  = 122912730                              {pd product} {ergonomic}
    uintx ProfiledCodeHeapSize                     = 122912730                              {pd product} {ergonomic}
    uintx ReservedCodeCacheSize                    = 251658240                              {pd product} {ergonomic}
     bool SegmentedCodeCache                       = true                                      {product} {ergonomic}
     bool ShowCodeDetailsInExceptionMessages       = true                                   {manageable} {command line}
   size_t SoftMaxHeapSize                          = 2116026368                             {manageable} {ergonomic}
     bool UseCompressedClassPointers               = true                                 {lp64_product} {ergonomic}
     bool UseCompressedOops                        = true                                 {lp64_product} {ergonomic}
     bool UseG1GC                                  = true                                      {product} {ergonomic}
     bool UseLargePagesIndividualAllocation        = false                                  {pd product} {ergonomic}

Logging:
Log output configuration:
 #0: stdout all=warning uptime,level,tags
 #1: stderr all=off uptime,level,tags

Environment Variables:
PATH=C:/Program Files/Java/jdk-15.0.2/bin/server;C:/Program Files/Java/jdk-15.0.2/bin;C:/Program Files/Java/jdk-15.0.2/bin/server;C:/Program Files/Java/jdk-15.0.2/bin;C:/Program Files/Java/jdk-15.0.2/bin/server;C:/Program Files/Java/jdk-15.0.2/bin;C:/Program Files/Java/jdk-15.0.2/bin/server;C:/Program Files/Java/jdk-15.0.2/bin;C:\Program Files\Common Files\Oracle\Java\javapath;D:\c\mingw\mingw32\bin;C:\WINDOWS;C:\WINDOWS\System32\Wbem;C:\WINDOWS\System32\WindowsPowerShell\v1.0\;C:\WINDOWS\System32\OpenSSH\;D:\cmake-3.19.2-win64-x64\bin;C:\Program Files\Git\cmd;"C:\WINDOWS;";"C:\WINDOWS\system32;C:\Program Files\PostgreSQL\9.4\bin";C:\Windows\System32;C:\Program Files\PostgreSQL\13\bin;C:\Program Files\PostgreSQL\13\lib;;C:\WINDOWS\system32;C:\Users\admin\AppData\Local\Microsoft\WindowsApps;D:\Microsoft VS Code\bin;C:\MinGW\bin;C:\Program Files\Java\jdk-15.0.2\bin;;C:\WINDOWS\system32;;C:\WINDOWS\system32;;C:\WINDOWS\system32;;C:\WINDOWS\system32;
USERNAME=admin
OS=Windows_NT
PROCESSOR_IDENTIFIER=Intel64 Family 6 Model 69 Stepping 1, GenuineIntel



---------------  S Y S T E M  ---------------

OS:
 Windows 10 , 64 bit Build 19041 (10.0.19041.928)
OS uptime: 3 days 20:15 hours

CPU: total 4 (initial active 4) (2 cores per cpu, 2 threads per core) family 6 model 69 stepping 1 microcode 0x25, cmov, cx8, fxsr, mmx, sse, sse2, sse3, ssse3, sse4.1, sse4.2, popcnt, vzeroupper, avx, avx2, aes, clmul, erms, lzcnt, ht, tsc, tscinvbit, bmi1, bmi2, fma, clflush

Memory: 4k page, system-wide physical 8071M (2405M free)
TotalPageFile size 15654M (AvailPageFile size 5M)
current process WorkingSet (physical memory assigned to process): 60M, peak: 60M
current process commit charge ("private bytes"): 215M, peak: 220M

vm_info: Java HotSpot(TM) 64-Bit Server VM (15.0.2+7-27) for windows-amd64 JRE (15.0.2+7-27), built on Dec  7 2020 20:07:01 by "mach5one" with unknown MS VC++:1925

END.
