#
# There is insufficient memory for the Java Runtime Environment to continue.
# Native memory allocation (mmap) failed to map 134217728 bytes for G1 virtual space
# Possible reasons:
#   The system is out of physical RAM or swap space
#   The process is running with CompressedOops enabled, and the Java Heap may be blocking the growth of the native heap
# Possible solutions:
#   Reduce memory load on the system
#   Increase physical memory or swap space
#   Check if swap backing store is full
#   Decrease Java heap size (-Xmx/-Xms)
#   Decrease number of Java threads
#   Decrease Java thread stack sizes (-Xss)
#   Set larger code cache with -XX:ReservedCodeCacheSize=
#   JVM is running with Unscaled Compressed Oops mode in which the Java heap is
#     placed in the first 4GB address space. The Java Heap base address is the
#     maximum limit for the native heap growth. Please use -XX:HeapBaseMinAddress
#     to set the Java Heap base and to place the Java Heap above 4GB virtual address.
# This output file may be truncated or incomplete.
#
#  Out of Memory Error (./open/src/hotspot/os/windows/os_windows.cpp:3321), pid=1812, tid=3244
#
# JRE version:  (15.0.2+7) (build )
# Java VM: Java HotSpot(TM) 64-Bit Server VM (15.0.2+7-27, mixed mode, sharing, tiered, compressed oops, g1 gc, windows-amd64)
# No core dump will be written. Minidumps are not enabled by default on client versions of Windows
#

---------------  S U M M A R Y ------------

Command Line: -Dfile.encoding=Cp1252 -XX:+ShowCodeDetailsInExceptionMessages hust.soict.globalict.aims.screen.CartScreenFx

Host: Intel(R) Core(TM) i5-4300U CPU @ 1.90GHz, 4 cores, 7G,  Windows 10 , 64 bit Build 19041 (10.0.19041.928)
Time: Mon May 17 14:25:55 2021 SE Asia Standard Time elapsed time: 0.046480 seconds (0d 0h 0m 0s)

---------------  T H R E A D  ---------------

Current thread (0x000002dc8fa80e70):  JavaThread "Unknown thread" [_thread_in_vm, id=3244, stack(0x000000f2aab00000,0x000000f2aac00000)]

Stack: [0x000000f2aab00000,0x000000f2aac00000]
Native frames: (J=compiled Java code, j=interpreted, Vv=VM code, C=native code)
V  [jvm.dll+0x62ae9a]
V  [jvm.dll+0x7817a9]
V  [jvm.dll+0x782f03]
V  [jvm.dll+0x783563]
V  [jvm.dll+0x216325]
V  [jvm.dll+0x6281d9]
V  [jvm.dll+0x61cf55]
V  [jvm.dll+0x2cffdd]
V  [jvm.dll+0x2cfe42]
V  [jvm.dll+0x2d5e1c]
V  [jvm.dll+0x32590a]
V  [jvm.dll+0x324fd4]
V  [jvm.dll+0x2a6f5a]
V  [jvm.dll+0x2a80f8]
V  [jvm.dll+0x75e241]
V  [jvm.dll+0x3341c4]
V  [jvm.dll+0x73e926]
V  [jvm.dll+0x3b7557]
V  [jvm.dll+0x3b8fe1]
C  [jli.dll+0x52fb]
C  [ucrtbase.dll+0x21bb2]
C  [KERNEL32.DLL+0x17034]
C  [ntdll.dll+0x52651]


---------------  P R O C E S S  ---------------

Threads class SMR info:
_java_thread_list=0x00007ffce2064ff0, length=0, elements={
}

Java Threads: ( => current thread )

Other Threads:
  0x000002dc8fac0100 GCTaskThread "GC Thread#0" [stack: 0x000000f2aac00000,0x000000f2aad00000] [id=12720]
  0x000002dc8fad1ea0 ConcurrentGCThread "G1 Main Marker" [stack: 0x000000f2aad00000,0x000000f2aae00000] [id=15328]
  0x000002dc8fad2a90 ConcurrentGCThread "G1 Conc#0" [stack: 0x000000f2aae00000,0x000000f2aaf00000] [id=15720]

[error occurred during error reporting (printing all threads), id 0xc0000005, EXCEPTION_ACCESS_VIOLATION (0xc0000005) at pc=0x00007ffce1857e27]

VM state: not at safepoint (not fully initialized)

VM Mutex/Monitor currently owned by a thread:  ([mutex/lock_event])
[0x000002dc8fa7ec70] Heap_lock - owner thread: 0x000002dc8fa80e70

Heap address: 0x0000000081e00000, size: 2018 MB, Compressed Oops mode: 32-bit
CDS archive(s) mapped at: [0x0000000000000000-0x0000000000000000-0x0000000000000000), size 0, SharedBaseAddress: 0x0000000800000000, ArchiveRelocationMode: 0.
Narrow klass base: 0x0000000000000000, Narrow klass shift: 0, Narrow klass range: 0x0

Heap:
 garbage-first heap   total 131072K, used 0K [0x0000000081e00000, 0x0000000100000000)
  region size 1024K, 0 young (0K), 0 survivors (0K)
 Metaspace       used 0K, capacity 0K, committed 0K, reserved 0K
  class space    used 0K, capacity 0K, committed 0K, reserved 0K

Heap Regions: E=young(eden), S=young(survivor), O=old, HS=humongous(starts), HC=humongous(continues), CS=collection set, F=free, OA=open archive, CA=closed archive, TAMS=top-at-mark-start (previous, next)

Card table byte_map: [0x000002dca70c0000,0x000002dca74c0000] _byte_map_base: 0x000002dca6cb1000

Marking Bits (Prev, Next): (CMBitMap*) 0x000002dc8fac1900, (CMBitMap*) 0x000002dc8fac1940
 Prev Bits: [0x000002dca78c0000, 0x000002dca9848000)
 Next Bits: [0x000002dca9850000, 0x000002dcab7d8000)

GC Heap History (0 events):
No events

Deoptimization events (0 events):
No events

Classes unloaded (0 events):
No events

Classes redefined (0 events):
No events

Internal exceptions (0 events):
No events

Events (1 events):
Event: 0.023 Loaded shared library C:\Program Files\Java\jdk-15.0.2\bin\java.dll


Dynamic libraries:
0x00007ff6c5ba0000 - 0x00007ff6c5baf000 	C:\Program Files\Java\jdk-15.0.2\bin\javaw.exe
0x00007ffd25370000 - 0x00007ffd25565000 	C:\WINDOWS\SYSTEM32\ntdll.dll
0x00007ffd24b20000 - 0x00007ffd24bdd000 	C:\WINDOWS\System32\KERNEL32.DLL
0x00007ffd23100000 - 0x00007ffd233c8000 	C:\WINDOWS\System32\KERNELBASE.dll
0x00007ffd22ab0000 - 0x00007ffd22bb0000 	C:\WINDOWS\System32\ucrtbase.dll
0x00007ffd05540000 - 0x00007ffd05558000 	C:\Program Files\Java\jdk-15.0.2\bin\jli.dll
0x00007ffd24050000 - 0x00007ffd240fc000 	C:\WINDOWS\System32\ADVAPI32.dll
0x00007ffd24400000 - 0x00007ffd2449e000 	C:\WINDOWS\System32\msvcrt.dll
0x00007ffd23c00000 - 0x00007ffd23c9b000 	C:\WINDOWS\System32\sechost.dll
0x00007ffd24690000 - 0x00007ffd247bb000 	C:\WINDOWS\System32\RPCRT4.dll
0x00007ffd233d0000 - 0x00007ffd23570000 	C:\WINDOWS\System32\USER32.dll
0x00007ffd22ee0000 - 0x00007ffd22f02000 	C:\WINDOWS\System32\win32u.dll
0x00007ffd24370000 - 0x00007ffd2439a000 	C:\WINDOWS\System32\GDI32.dll
0x00007ffd22f10000 - 0x00007ffd2301b000 	C:\WINDOWS\System32\gdi32full.dll
0x00007ffd22c90000 - 0x00007ffd22d2d000 	C:\WINDOWS\System32\msvcp_win.dll
0x00007ffd01e70000 - 0x00007ffd01e89000 	C:\Program Files\Java\jdk-15.0.2\bin\VCRUNTIME140.dll
0x00007ffd126f0000 - 0x00007ffd1298a000 	C:\WINDOWS\WinSxS\amd64_microsoft.windows.common-controls_6595b64144ccf1df_6.0.19041.844_none_ca00b6081b84eb1d\COMCTL32.dll
0x00007ffd12220000 - 0x00007ffd1222a000 	C:\WINDOWS\SYSTEM32\VERSION.dll
0x00007ffd24110000 - 0x00007ffd24140000 	C:\WINDOWS\System32\IMM32.DLL
0x00007ffd12410000 - 0x00007ffd1241c000 	C:\Program Files\Java\jdk-15.0.2\bin\vcruntime140_1.dll
0x00007ffcfc660000 - 0x00007ffcfc6f1000 	C:\Program Files\Java\jdk-15.0.2\bin\msvcp140.dll
0x00007ffce15a0000 - 0x00007ffce20fe000 	C:\Program Files\Java\jdk-15.0.2\bin\server\jvm.dll
0x00007ffd239e0000 - 0x00007ffd239e8000 	C:\WINDOWS\System32\PSAPI.DLL
0x00007ffd04710000 - 0x00007ffd04719000 	C:\WINDOWS\SYSTEM32\WSOCK32.dll
0x00007ffd24300000 - 0x00007ffd2436b000 	C:\WINDOWS\System32\WS2_32.dll
0x00007ffd115b0000 - 0x00007ffd115d7000 	C:\WINDOWS\SYSTEM32\WINMM.dll
0x00007ffd21380000 - 0x00007ffd21392000 	C:\WINDOWS\SYSTEM32\kernel.appcore.dll
0x00007ffd1cd60000 - 0x00007ffd1cd6a000 	C:\Program Files\Java\jdk-15.0.2\bin\jimage.dll
0x00007ffd10820000 - 0x00007ffd10a04000 	C:\WINDOWS\SYSTEM32\DBGHELP.DLL
0x00007ffd107f0000 - 0x00007ffd1081c000 	C:\WINDOWS\SYSTEM32\dbgcore.DLL
0x00007ffd22c10000 - 0x00007ffd22c90000 	C:\WINDOWS\System32\bcryptPrimitives.dll
0x00007ffcfb970000 - 0x00007ffcfb995000 	C:\Program Files\Java\jdk-15.0.2\bin\java.dll

dbghelp: loaded successfully - version: 4.0.5 - missing functions: none
symbol engine: initialized successfully - sym options: 0x614 - pdb path: .;C:\Program Files\Java\jdk-15.0.2\bin;C:\WINDOWS\SYSTEM32;C:\WINDOWS\WinSxS\amd64_microsoft.windows.common-controls_6595b64144ccf1df_6.0.19041.844_none_ca00b6081b84eb1d;C:\Program Files\Java\jdk-15.0.2\bin\server

VM Arguments:
jvm_args: -Dfile.encoding=Cp1252 -XX:+ShowCodeDetailsInExceptionMessages 
java_command: hust.soict.globalict.aims.screen.CartScreenFx
java_class_path (initial): C:\Users\admin\Desktop\OOLT.ICT.20202.20184332.NguyenTrinhVu\lab10\AimsProject2\bin;D:\javafx\javafx-sdk-16\lib\javafx.base.jar;D:\javafx\javafx-sdk-16\lib\javafx.controls.jar;D:\javafx\javafx-sdk-16\lib\javafx.fxml.jar;D:\javafx\javafx-sdk-16\lib\javafx.graphics.jar;D:\javafx\javafx-sdk-16\lib\javafx.media.jar;D:\javafx\javafx-sdk-16\lib\javafx.swing.jar;D:\javafx\javafx-sdk-16\lib\javafx.web.jar;D:\javafx\javafx-sdk-16\lib\javafx-swt.jar
Launcher Type: SUN_STANDARD

[Global flags]
     intx CICompilerCount                          = 3                                         {product} {ergonomic}
     uint ConcGCThreads                            = 1                                         {product} {ergonomic}
     uint G1ConcRefinementThreads                  = 4                                         {product} {ergonomic}
   size_t G1HeapRegionSize                         = 1048576                                   {product} {ergonomic}
    uintx GCDrainStackTargetSize                   = 64                                        {product} {ergonomic}
   size_t InitialHeapSize                          = 134217728                                 {product} {ergonomic}
   size_t MarkStackSize                            = 4194304                                   {product} {ergonomic}
   size_t MaxHeapSize                              = 2116026368                                {product} {ergonomic}
   size_t MinHeapDeltaBytes                        = 1048576                                   {product} {ergonomic}
   size_t MinHeapSize                              = 8388608                                   {product} {ergonomic}
    uintx NonNMethodCodeHeapSize                   = 5832780                                {pd product} {ergonomic}
    uintx NonProfiledCodeHeapSize                  = 122912730                              {pd product} {ergonomic}
    uintx ProfiledCodeHeapSize                     = 122912730                              {pd product} {ergonomic}
    uintx ReservedCodeCacheSize                    = 251658240                              {pd product} {ergonomic}
     bool SegmentedCodeCache                       = true                                      {product} {ergonomic}
     bool ShowCodeDetailsInExceptionMessages       = true                                   {manageable} {command line}
   size_t SoftMaxHeapSize                          = 2116026368                             {manageable} {ergonomic}
     bool UseCompressedClassPointers               = true                                 {lp64_product} {ergonomic}
     bool UseCompressedOops                        = true                                 {lp64_product} {ergonomic}
     bool UseG1GC                                  = true                                      {product} {ergonomic}
     bool UseLargePagesIndividualAllocation        = false                                  {pd product} {ergonomic}

Logging:
Log output configuration:
 #0: stdout all=warning uptime,level,tags
 #1: stderr all=off uptime,level,tags

Environment Variables:
PATH=C:/Program Files/Java/jdk-15.0.2/bin/server;C:/Program Files/Java/jdk-15.0.2/bin;C:/Program Files/Java/jdk-15.0.2/bin/server;C:/Program Files/Java/jdk-15.0.2/bin;C:/Program Files/Java/jdk-15.0.2/bin/server;C:/Program Files/Java/jdk-15.0.2/bin;C:/Program Files/Java/jdk-15.0.2/bin/server;C:/Program Files/Java/jdk-15.0.2/bin;C:\Program Files\Common Files\Oracle\Java\javapath;D:\c\mingw\mingw32\bin;C:\WINDOWS;C:\WINDOWS\System32\Wbem;C:\WINDOWS\System32\WindowsPowerShell\v1.0\;C:\WINDOWS\System32\OpenSSH\;D:\cmake-3.19.2-win64-x64\bin;C:\Program Files\Git\cmd;"C:\WINDOWS;";"C:\WINDOWS\system32;C:\Program Files\PostgreSQL\9.4\bin";C:\Windows\System32;C:\Program Files\PostgreSQL\13\bin;C:\Program Files\PostgreSQL\13\lib;;C:\WINDOWS\system32;C:\Users\admin\AppData\Local\Microsoft\WindowsApps;D:\Microsoft VS Code\bin;C:\MinGW\bin;C:\Program Files\Java\jdk-15.0.2\bin;;C:\WINDOWS\system32;;C:\WINDOWS\system32;;C:\WINDOWS\system32;;C:\WINDOWS\system32;
USERNAME=admin
OS=Windows_NT
PROCESSOR_IDENTIFIER=Intel64 Family 6 Model 69 Stepping 1, GenuineIntel



---------------  S Y S T E M  ---------------

OS:
 Windows 10 , 64 bit Build 19041 (10.0.19041.928)
OS uptime: 3 days 18:39 hours

CPU: total 4 (initial active 4) (2 cores per cpu, 2 threads per core) family 6 model 69 stepping 1 microcode 0x25, cmov, cx8, fxsr, mmx, sse, sse2, sse3, ssse3, sse4.1, sse4.2, popcnt, vzeroupper, avx, avx2, aes, clmul, erms, lzcnt, ht, tsc, tscinvbit, bmi1, bmi2, fma, clflush

Memory: 4k page, system-wide physical 8071M (733M free)
TotalPageFile size 15654M (AvailPageFile size 76M)
current process WorkingSet (physical memory assigned to process): 9M, peak: 9M
current process commit charge ("private bytes"): 51M, peak: 179M

vm_info: Java HotSpot(TM) 64-Bit Server VM (15.0.2+7-27) for windows-amd64 JRE (15.0.2+7-27), built on Dec  7 2020 20:07:01 by "mach5one" with unknown MS VC++:1925

END.
